2025-02-26 17:36:52,484 | INFO | main | === Starting application ===
2025-02-26 17:36:52,485 | DEBUG | main | Debug logging is enabled
2025-02-26 17:36:52,485 | DEBUG | Marshaller | Initializing Chrome WebDriver
2025-02-26 17:36:52,488 | DEBUG | selenium.webdriver.common.selenium_manager | Selenium Manager binary found at: /Users/jeffhighman/2025/milton/v2/.venv/lib/python3.13/site-packages/selenium/webdriver/common/macos/selenium-manager
2025-02-26 17:36:52,489 | DEBUG | selenium.webdriver.common.selenium_manager | Executing process: /Users/jeffhighman/2025/milton/v2/.venv/lib/python3.13/site-packages/selenium/webdriver/common/macos/selenium-manager --browser chrome --debug --language-binding python --output json
2025-02-26 17:36:52,816 | DEBUG | selenium.webdriver.common.selenium_manager | Found chromedriver 133.0.6943.126 in PATH: /Users/jeffhighman/bin/chromedriver
2025-02-26 17:36:52,816 | DEBUG | selenium.webdriver.common.selenium_manager | chrome detected at /Applications/Google Chrome.app/Contents/MacOS/Google Chrome
2025-02-26 17:36:52,816 | DEBUG | selenium.webdriver.common.selenium_manager | Running command: /Applications/Google\ Chrome.app/Contents/MacOS/Google\ Chrome --version
2025-02-26 17:36:52,816 | DEBUG | selenium.webdriver.common.selenium_manager | Output: "Google Chrome 133.0.6943.128 "
2025-02-26 17:36:52,817 | DEBUG | selenium.webdriver.common.selenium_manager | Detected browser: chrome 133.0.6943.128
2025-02-26 17:36:52,817 | DEBUG | selenium.webdriver.common.selenium_manager | Required driver: chromedriver 133.0.6943.141
2025-02-26 17:36:52,817 | DEBUG | selenium.webdriver.common.selenium_manager | Driver path: /Users/jeffhighman/bin/chromedriver
2025-02-26 17:36:52,817 | DEBUG | selenium.webdriver.common.selenium_manager | Browser path: /Applications/Google Chrome.app/Contents/MacOS/Google Chrome
2025-02-26 17:36:52,820 | DEBUG | selenium.webdriver.common.service | Started executable: `/Users/jeffhighman/bin/chromedriver` in a child process with pid: 57233 using 0 to output -3
2025-02-26 17:36:52,839 | DEBUG | selenium.webdriver.remote.remote_connection | POST http://localhost:52655/session {'capabilities': {'firstMatch': [{}], 'alwaysMatch': {'browserName': 'chrome', 'pageLoadStrategy': <PageLoadStrategy.normal: 'normal'>, 'browserVersion': None, 'goog:chromeOptions': {'extensions': [], 'binary': '/Applications/Google Chrome.app/Contents/MacOS/Google Chrome', 'args': ['--headless', '--no-sandbox', '--disable-dev-shm-usage', 'user-agent=Mozilla/5.0 (Windows NT 10.0; Win64; x64) Chrome/115.0.0.0 Safari/537.36']}}}}
2025-02-26 17:36:52,840 | DEBUG | urllib3.connectionpool | Starting new HTTP connection (1): localhost:52655
2025-02-26 17:36:54,157 | DEBUG | urllib3.connectionpool | http://localhost:52655 "POST /session HTTP/1.1" 200 0
2025-02-26 17:36:54,157 | DEBUG | selenium.webdriver.remote.remote_connection | Remote response: status=200 | data={"value":{"capabilities":{"acceptInsecureCerts":false,"browserName":"chrome","browserVersion":"133.0.6943.128","chrome":{"chromedriverVersion":"133.0.6943.126 (cffa127ce7b6be72885391527c15b452056a2e81-refs/branch-heads/6943@{#1570})","userDataDir":"/var/folders/lf/k4n00gfn7s53mr33mn1l_byw0000gn/T/.org.chromium.Chromium.rhsGo2"},"fedcm:accounts":true,"goog:chromeOptions":{"debuggerAddress":"localhost:52660"},"networkConnectionEnabled":false,"pageLoadStrategy":"normal","platformName":"mac","proxy":{},"setWindowRect":true,"strictFileInteractability":false,"timeouts":{"implicit":0,"pageLoad":300000,"script":30000},"unhandledPromptBehavior":"dismiss and notify","webauthn:extension:credBlob":true,"webauthn:extension:largeBlob":true,"webauthn:extension:minPinLength":true,"webauthn:extension:prf":true,"webauthn:virtualAuthenticators":true},"sessionId":"8714ae12758724e9b3a8b855a18d05d0"}} | headers=HTTPHeaderDict({'Content-Length': '892', 'Content-Type': 'application/json; charset=utf-8', 'cache-control': 'no-cache'})
2025-02-26 17:36:54,157 | DEBUG | selenium.webdriver.remote.remote_connection | Finished Request
2025-02-26 17:36:58,126 | DEBUG | main | Found CSV files: ['SP826561222312211_PBI-F45E514B08844DF_20250213154419.csv']
2025-02-26 17:36:58,126 | INFO | main | Processing drop/SP826561222312211_PBI-F45E514B08844DF_20250213154419.csv from line 0
2025-02-26 17:36:58,126 | INFO | main | Starting to process drop/SP826561222312211_PBI-F45E514B08844DF_20250213154419.csv from line 0
2025-02-26 17:36:58,127 | DEBUG | main | Mapped header 'referenceId' to 'reference_id'
2025-02-26 17:36:58,127 | DEBUG | main | Mapped header 'firstName' to 'first_name'
2025-02-26 17:36:58,128 | DEBUG | main | Mapped header 'middleName' to 'middle_name'
2025-02-26 17:36:58,128 | DEBUG | main | Mapped header 'lastName' to 'last_name'
2025-02-26 17:36:58,128 | DEBUG | main | Mapped header 'employeeNumber' to 'employee_number'
2025-02-26 17:36:58,128 | WARNING | main | Unmapped CSV column: workProductNumber
2025-02-26 17:36:58,128 | DEBUG | main | Mapped header 'crdNumber' to 'crd_number'
2025-02-26 17:36:58,128 | DEBUG | main | Mapped header 'addressLine1' to 'address_line1'
2025-02-26 17:36:58,128 | DEBUG | main | Mapped header 'addressLine1' to 'address_line1'
2025-02-26 17:36:58,128 | DEBUG | main | Mapped header 'city' to 'city'
2025-02-26 17:36:58,128 | DEBUG | main | Mapped header 'state' to 'state'
2025-02-26 17:36:58,128 | DEBUG | main | Mapped header 'zip' to 'zip'
2025-02-26 17:36:58,128 | DEBUG | main | Mapped header 'county' to 'county'
2025-02-26 17:36:58,128 | WARNING | main | Unmapped CSV column: organizationCrdNumber
2025-02-26 17:36:58,129 | DEBUG | main | Mapped header 'organizationName' to 'organization_name'
2025-02-26 17:36:58,129 | WARNING | main | Empty header name encountered
2025-02-26 17:36:58,129 | DEBUG | main | Canonical field 'license_type' not found in CSV headers
2025-02-26 17:36:58,129 | DEBUG | main | Canonical field 'organization_crd' not found in CSV headers
2025-02-26 17:36:58,129 | DEBUG | main | Canonical field 'suffix' not found in CSV headers
2025-02-26 17:36:58,129 | DEBUG | main | Canonical field 'ssn' not found in CSV headers
2025-02-26 17:36:58,129 | DEBUG | main | Canonical field 'dob' not found in CSV headers
2025-02-26 17:36:58,129 | DEBUG | main | Canonical field 'address_line2' not found in CSV headers
2025-02-26 17:36:58,129 | DEBUG | main | Canonical field 'country' not found in CSV headers
2025-02-26 17:36:58,129 | DEBUG | main | Canonical field 'gender' not found in CSV headers
2025-02-26 17:36:58,129 | DEBUG | main | Canonical field 'role' not found in CSV headers
2025-02-26 17:36:58,129 | DEBUG | main | Canonical field 'title' not found in CSV headers
2025-02-26 17:36:58,129 | DEBUG | main | Canonical field 'department_number' not found in CSV headers
2025-02-26 17:36:58,129 | DEBUG | main | Canonical field 'division_name' not found in CSV headers
2025-02-26 17:36:58,129 | DEBUG | main | Canonical field 'division_code' not found in CSV headers
2025-02-26 17:36:58,130 | DEBUG | main | Canonical field 'business_unit' not found in CSV headers
2025-02-26 17:36:58,130 | DEBUG | main | Canonical field 'location' not found in CSV headers
2025-02-26 17:36:58,130 | DEBUG | main | Canonical field 'original_hire_date' not found in CSV headers
2025-02-26 17:36:58,130 | DEBUG | main | Canonical field 'last_hire_date' not found in CSV headers
2025-02-26 17:36:58,130 | DEBUG | main | Canonical field 'email' not found in CSV headers
2025-02-26 17:36:58,130 | DEBUG | main | Canonical field 'phone' not found in CSV headers
2025-02-26 17:36:58,130 | DEBUG | main | Canonical field 'city_of_birth' not found in CSV headers
2025-02-26 17:36:58,130 | DEBUG | main | Canonical field 'state_of_birth' not found in CSV headers
2025-02-26 17:36:58,130 | DEBUG | main | Canonical field 'county_of_birth' not found in CSV headers
2025-02-26 17:36:58,130 | DEBUG | main | Canonical field 'employee_status' not found in CSV headers
2025-02-26 17:36:58,130 | DEBUG | main | Canonical field 'employment_type' not found in CSV headers
2025-02-26 17:36:58,130 | DEBUG | main | Canonical field 'professional_license_number' not found in CSV headers
2025-02-26 17:36:58,130 | DEBUG | main | Canonical field 'professional_license_industry' not found in CSV headers
2025-02-26 17:36:58,130 | DEBUG | main | Canonical field 'professional_license_category' not found in CSV headers
2025-02-26 17:36:58,130 | DEBUG | main | Canonical field 'professional_license_speciality' not found in CSV headers
2025-02-26 17:36:58,130 | DEBUG | main | Canonical field 'professional_license_name' not found in CSV headers
2025-02-26 17:36:58,131 | DEBUG | main | Canonical field 'professional_license_state' not found in CSV headers
2025-02-26 17:36:58,131 | DEBUG | main | Canonical field 'professional_license_issued_date' not found in CSV headers
2025-02-26 17:36:58,131 | DEBUG | main | Canonical field 'professional_license_exp_date' not found in CSV headers
2025-02-26 17:36:58,131 | DEBUG | main | Canonical field 'driving_license_number' not found in CSV headers
2025-02-26 17:36:58,131 | DEBUG | main | Canonical field 'driving_license_state' not found in CSV headers
2025-02-26 17:36:58,131 | DEBUG | main | Canonical field 'driving_license_issue_date' not found in CSV headers
2025-02-26 17:36:58,131 | DEBUG | main | Canonical field 'driving_license_expiry_date' not found in CSV headers
2025-02-26 17:36:58,131 | DEBUG | main | Canonical field 'driving_license_class_code' not found in CSV headers
2025-02-26 17:36:58,131 | DEBUG | main | Canonical field 'driving_license_restriction_code' not found in CSV headers
2025-02-26 17:36:58,131 | DEBUG | main | Resolved headers: {'referenceId': 'reference_id', 'firstName': 'first_name', 'middleName': 'middle_name', 'lastName': 'last_name', 'employeeNumber': 'employee_number', 'crdNumber': 'crd_number', 'addressLine1': 'address_line1', 'city': 'city', 'state': 'state', 'zip': 'zip', 'county': 'county', 'organizationName': 'organization_name'}
2025-02-26 17:36:58,131 | DEBUG | main | Processing SP826561222312211_PBI-F45E514B08844DF_20250213154419.csv, line 2, row: {'referenceId': 'SP826561222312211_PBI-F45E514B08844DF', 'firstName': 'Debra', 'middleName': '', 'lastName': 'Griewahn', 'employeeNumber': 'EMP-1234600', 'workProductNumber': '', 'crdNumber': '1555796', 'addressLine1': '', 'city': '', 'state': '', 'zip': '', 'county': '', 'organizationCrdNumber': '134086', 'organizationName': 'Level Four Advisory Services', '': ''}
2025-02-26 17:36:58,131 | DEBUG | main | Employee number header: 'employeeNumber', value: 'EMP-1234600'
2025-02-26 17:36:58,131 | DEBUG | main | Reference ID: SP826561222312211_PBI-F45E514B08844DF, Employee Number: EMP-1234600
2025-02-26 17:36:58,132 | DEBUG | main | Mapping field - canonical: 'reference_id', header: 'referenceId', value: 'SP826561222312211_PBI-F45E514B08844DF'
2025-02-26 17:36:58,132 | DEBUG | main | Mapping field - canonical: 'first_name', header: 'firstName', value: 'Debra'
2025-02-26 17:36:58,132 | DEBUG | main | Mapping field - canonical: 'middle_name', header: 'middleName', value: ''
2025-02-26 17:36:58,132 | DEBUG | main | Mapping field - canonical: 'last_name', header: 'lastName', value: 'Griewahn'
2025-02-26 17:36:58,132 | DEBUG | main | Mapping field - canonical: 'employee_number', header: 'employeeNumber', value: 'EMP-1234600'
2025-02-26 17:36:58,132 | DEBUG | main | Mapping field - canonical: 'crd_number', header: 'crdNumber', value: '1555796'
2025-02-26 17:36:58,132 | DEBUG | main | Mapping field - canonical: 'address_line1', header: 'addressLine1', value: ''
2025-02-26 17:36:58,132 | DEBUG | main | Mapping field - canonical: 'city', header: 'city', value: ''
2025-02-26 17:36:58,132 | DEBUG | main | Mapping field - canonical: 'state', header: 'state', value: ''
2025-02-26 17:36:58,132 | DEBUG | main | Mapping field - canonical: 'zip', header: 'zip', value: ''
2025-02-26 17:36:58,132 | DEBUG | main | Mapping field - canonical: 'county', header: 'county', value: ''
2025-02-26 17:36:58,132 | DEBUG | main | Mapping field - canonical: 'organization_name', header: 'organizationName', value: 'Level Four Advisory Services'
2025-02-26 17:36:58,132 | DEBUG | main | Claim built: {'reference_id': 'SP826561222312211_PBI-F45E514B08844DF', 'first_name': 'Debra', 'middle_name': '', 'last_name': 'Griewahn', 'employee_number': 'EMP-1234600', 'crd_number': '1555796', 'address_line1': '', 'city': '', 'state': '', 'zip': '', 'county': '', 'organization_name': 'Level Four Advisory Services', 'individual_name': 'Debra Griewahn'}
2025-02-26 17:36:58,132 | INFO | business | Starting claim processing for {'reference_id': 'SP826561222312211_PBI-F45E514B08844DF', 'first_name': 'Debra', 'middle_name': '', 'last_name': 'Griewahn', 'employee_number': 'EMP-1234600', 'crd_number': '1555796', 'address_line1': '', 'city': '', 'state': '', 'zip': '', 'county': '', 'organization_name': 'Level Four Advisory Services', 'individual_name': 'Debra Griewahn'}, Employee='EMP-1234600'
2025-02-26 17:36:58,132 | INFO | business | Claim has crd_number and organization_name, selecting search_with_crd_and_org_name
2025-02-26 17:36:58,132 | DEBUG | business | Selected primary strategy: search_with_crd_and_org_name
2025-02-26 17:36:58,133 | INFO | business | Searching with crd_number='1555796', organization_name='Level Four Advisory Services', Employee='EMP-1234600'
2025-02-26 17:36:58,133 | INFO | FinancialServicesFacade | Fetching FINRA BrokerCheck basic info for CRD: 1555796, Employee: EMP-1234600
2025-02-26 17:36:58,137 | INFO | Marshaller | Cache hit for FINRA_BrokerCheck_Agent/search_individual/EMP-1234600
2025-02-26 17:36:58,139 | INFO | Marshaller | Cache hit for FINRA_BrokerCheck_Agent/search_individual_detailed_info/EMP-1234600
2025-02-26 17:36:58,139 | INFO | FinancialServicesFacade | Successfully fetched FINRA BrokerCheck data for 1555796
2025-02-26 17:36:58,139 | WARNING | FinancialServicesFacade | Calling search_finra_brokercheck_detailed is deprecated; use search_finra_brokercheck_individual instead for CRD: 1555796
2025-02-26 17:36:58,139 | INFO | FinancialServicesFacade | Fetching FINRA BrokerCheck basic info for CRD: 1555796, Employee: EMP-1234600
2025-02-26 17:36:58,140 | INFO | Marshaller | Cache hit for FINRA_BrokerCheck_Agent/search_individual/EMP-1234600
2025-02-26 17:36:58,141 | INFO | Marshaller | Cache hit for FINRA_BrokerCheck_Agent/search_individual_detailed_info/EMP-1234600
2025-02-26 17:36:58,141 | INFO | FinancialServicesFacade | Successfully fetched FINRA BrokerCheck data for 1555796
2025-02-26 17:36:58,141 | INFO | FinancialServicesFacade | Performing disciplinary review for Debra Griewahn, Employee: EMP-1234600
2025-02-26 17:36:58,141 | INFO | FinancialServicesFacade | Fetching SEC Disciplinary data for Debra Griewahn, Employee: EMP-1234600
2025-02-26 17:36:58,142 | INFO | Marshaller | Cache hit for SEC_Disciplinary_Agent/search_individual/EMP-1234600
2025-02-26 17:36:58,143 | DEBUG | FinancialServicesFacade | SEC Disciplinary raw result: [
  {
    "result": "No Results Found"
  }
]
2025-02-26 17:36:58,143 | DEBUG | normalizer | Normalizing SEC_Disciplinary disciplinary data for Debra Griewahn
2025-02-26 17:36:58,143 | DEBUG | normalizer | Skipped disciplinary record Unknown - no respondent name
2025-02-26 17:36:58,143 | DEBUG | FinancialServicesFacade | SEC Disciplinary normalized result: {
  "actions": [],
  "raw_data": [
    {
      "result": "No Results Found"
    }
  ],
  "name_scores": {}
}
2025-02-26 17:36:58,143 | INFO | FinancialServicesFacade | Successfully fetched SEC Disciplinary data for Debra Griewahn
2025-02-26 17:36:58,143 | DEBUG | FinancialServicesFacade | SEC Disciplinary result received: {
  "actions": [],
  "raw_data": [
    {
      "result": "No Results Found"
    }
  ],
  "name_scores": {}
}
2025-02-26 17:36:58,143 | INFO | FinancialServicesFacade | Fetching FINRA Disciplinary data for Debra Griewahn, Employee: EMP-1234600
2025-02-26 17:36:58,144 | INFO | Marshaller | Cache hit for FINRA_Disciplinary_Agent/search_individual/EMP-1234600
2025-02-26 17:36:58,145 | DEBUG | FinancialServicesFacade | FINRA Disciplinary raw result: [
  {
    "result": [
      {
        "Case ID": "2014042917901",
        "Case Summary": "FINANCIAL INDUSTRY REGULATORY AUTHORITY LETTER OF ACCEPTANCE, WAIVER AND CONSENT NO. 2014042917901 TO: Department of Enforcement Financial Industry Regulatory Authority (\"FINRA\") RE: Debra J. Ferrara, Respondent Non-Registered Fingerprint Person CRD No. 1143271 Pursuant to FINRA Rule 9216 of FINRA's Code of Procedure, I, Debra J. Ferrara (\"Ferrara\" or \"Respondent\") submit this Letter of Acceptance, Waiver and Consent (\"AWC\") for the purpose of proposing a settlement of the alleged rule violations",
        "Document Type": "AWCs (Letters of Acceptance, Waiver, and Consent)",
        "Firms/Individuals": "DEBRA J. FERRARA",
        "Action Date": "10/14/2016"
      },
      {
        "Case ID": "2015044994601",
        "Case Summary": "FINANCIAL INDUSTRY REGULATORY AUTHORITY LETTER OF ACCEPTANCE, WAIVER AND CONSENT NO. 2015044994601 TO: Department of Enforcement Financial Industry Regulatory Authority (\"FINRA\") RE: Debra Ann Paton, Respondent Former Registered Representative CRD No. 1290432 Pursuant to FINRA Rule 9216 of FINRA's Code of Procedure, I submit this Letter of Acceptance, Waiver and Consent (\"AWC\") for the purpose of proposing a settlement of the alleged rule violations described below.",
        "Document Type": "AWCs (Letters of Acceptance, Waiver, and Consent)",
        "Firms/Individuals": "DEBRA ANN PATON",
        "Action Date": "06/10/2015"
      },
      {
        "Case ID": "2014039874701",
        "Case Summary": "FINANCIAL INDUSTRY REGULATORY AUTHORITY LETTER OF ACCEPTANCE, WAIVER AND CONSENT NO. 2014039874701 TO: Department of Enforcement Financial Industry Regulatory Authority (\"FINRA\") RE: Debra K. Lyman, Respondent CRD No. 1100820 Pursuant to FINRA Rule 9216 of FINRA's Code of Procedure, Respondent Debra K. Lyman (\"Respondent\") submits this Letter of Acceptance, Waiver and Consent (\"AWC\") for the purpose of proposing a settlement of the alleged rule violations described below. This AWC",
        "Document Type": "AWCs (Letters of Acceptance, Waiver, and Consent)",
        "Firms/Individuals": "Debra K. Lyman",
        "Action Date": "02/27/2015"
      },
      {
        "Case ID": "2010025732001",
        "Case Summary": "FINANCIAL INDUSTRY REGULATORY AUTHORITY LETTER OF ACCEPTANCE, WAIVER AND CONSENT NO. 2010025732001 TO: Department of Enforcement Financial Industry Regulatory Authority (\"FINRA\") RE: Debra Kay Littlefield, Respondent General Securities Representative CRD No. 2312877 Pursuant to FINRA Rule 9216 of FINRA's Code of Procedure, I submit this Letter of Acceptance, Waiver and Consent (\"AWC\") for the purpose of proposing a settlement of the alleged rule violations described below. This AWC is submitted on the",
        "Document Type": "AWCs (Letters of Acceptance, Waiver, and Consent)",
        "Firms/Individuals": "DEBRA KAY LITTLEFIELD",
        "Action Date": "05/21/2013"
      },
      {
        "Case ID": "2011026935301",
        "Case Summary": "FINANCIAL INDUSTRY REGULATORY AUTHORITY LETTER OF ACCEPTANCE, WAIVER AND CONSENT NO. 2011026935301 TO: Department of Enforcement Financial Industry Regulatory Authority (\"FINRA\") RE: Debra Kay Bertrand, Respondent General Securities Representative CRD No. 1187249 Pursuant to FINRA Rule 9216 of FINRA's Code of Procedure, I submit this Letter of Acceptance, Waiver and Consent (\"AWC\") for the purpose of proposing a settlement of the alleged rule violations described below. This AWC is submitted on the",
        "Document Type": "AWCs (Letters of Acceptance, Waiver, and Consent)",
        "Firms/Individuals": "DEBRA KAY BERTRAND",
        "Action Date": "11/28/2012"
      },
      {
        "Case ID": "2008016444401",
        "Case Summary": "FINANCIAL INDUSTRY REGULATORY AUTHORITY (FINRA) LETTER OF ACCEPTANCE, WAIVER AND CONSENT NO. 2008016444401 To:     Department of Enforcement Financial Industry Regulatory Authority Re: Debra Ann Lund General Securities Principal and Representative CRD No. 845326 Pursuant to FINRA Rule 9216 of FINRA Code of Procedure, I, Debra Ann Lund",
        "Document Type": "AWCs (Letters of Acceptance, Waiver, and Consent)",
        "Firms/Individuals": "DEBRA ANN LUND",
        "Action Date": "08/21/2009"
      },
      {
        "Case ID": "2007011071701",
        "Case Summary": "FINANCIAL INDUSTRY REGULATORY AUTHORITY OFFICE OF HEARING OFFICERS DEPARTMENT OF ENFORCEMENT, Complainant, v. DEBRA L. HANES (CRD No. 5272382), Respondent. Disciplinary Proceeding No. 20070110717-01 Hearing Officer-Andrew H. Perkins DEFAULT DECISION July 8, 2009  Respondent is barred from associating with any member firm In any capacity for her failure to respond to requests for information, in violation of Procedural Rule 8210 and Conduct Rule 2110. In light of the bar, no additional sanction in imposed",
        "Document Type": "OHO Decisions",
        "Firms/Individuals": "DEBRA L. HANES",
        "Action Date": "07/08/2009"
      },
      {
        "Case ID": "2006007045701",
        "Case Summary": "FINANCIAL INDUSTRY REGULATORY AUTHORITY LETTER OF ACCEPTANCE, WAIVER AND CONSENT NO. 2006007045701 TO: Department of Enforcement Financial Industry Regulatory Authority (\"FINRA\") RE: Debra A. Friend, Respondent Limited Registered Principal (CRD No. 1739192) Pursuant to FINRA Rule 9216 of FINRA's Code of Procedure, I, Debra A. Friend, submit this Letter of Acceptance, Waiver and Consent (\"AWC\") for the purpose of proposing a settlement of the alleged rule violations described below. This AWC is submitted on",
        "Document Type": "AWCs (Letters of Acceptance, Waiver, and Consent)",
        "Firms/Individuals": "DEBRA A. FRIEND",
        "Action Date": "04/02/2009"
      }
    ]
  }
]
2025-02-26 17:36:58,145 | DEBUG | normalizer | Normalizing FINRA_Disciplinary disciplinary data for Debra Griewahn
2025-02-26 17:36:58,145 | DEBUG | normalizer | Skipped disciplinary record Unknown - no respondent name
2025-02-26 17:36:58,145 | DEBUG | FinancialServicesFacade | FINRA Disciplinary normalized result: {
  "actions": [],
  "raw_data": [
    {
      "result": [
        {
          "Case ID": "2014042917901",
          "Case Summary": "FINANCIAL INDUSTRY REGULATORY AUTHORITY LETTER OF ACCEPTANCE, WAIVER AND CONSENT NO. 2014042917901 TO: Department of Enforcement Financial Industry Regulatory Authority (\"FINRA\") RE: Debra J. Ferrara, Respondent Non-Registered Fingerprint Person CRD No. 1143271 Pursuant to FINRA Rule 9216 of FINRA's Code of Procedure, I, Debra J. Ferrara (\"Ferrara\" or \"Respondent\") submit this Letter of Acceptance, Waiver and Consent (\"AWC\") for the purpose of proposing a settlement of the alleged rule violations",
          "Document Type": "AWCs (Letters of Acceptance, Waiver, and Consent)",
          "Firms/Individuals": "DEBRA J. FERRARA",
          "Action Date": "10/14/2016"
        },
        {
          "Case ID": "2015044994601",
          "Case Summary": "FINANCIAL INDUSTRY REGULATORY AUTHORITY LETTER OF ACCEPTANCE, WAIVER AND CONSENT NO. 2015044994601 TO: Department of Enforcement Financial Industry Regulatory Authority (\"FINRA\") RE: Debra Ann Paton, Respondent Former Registered Representative CRD No. 1290432 Pursuant to FINRA Rule 9216 of FINRA's Code of Procedure, I submit this Letter of Acceptance, Waiver and Consent (\"AWC\") for the purpose of proposing a settlement of the alleged rule violations described below.",
          "Document Type": "AWCs (Letters of Acceptance, Waiver, and Consent)",
          "Firms/Individuals": "DEBRA ANN PATON",
          "Action Date": "06/10/2015"
        },
        {
          "Case ID": "2014039874701",
          "Case Summary": "FINANCIAL INDUSTRY REGULATORY AUTHORITY LETTER OF ACCEPTANCE, WAIVER AND CONSENT NO. 2014039874701 TO: Department of Enforcement Financial Industry Regulatory Authority (\"FINRA\") RE: Debra K. Lyman, Respondent CRD No. 1100820 Pursuant to FINRA Rule 9216 of FINRA's Code of Procedure, Respondent Debra K. Lyman (\"Respondent\") submits this Letter of Acceptance, Waiver and Consent (\"AWC\") for the purpose of proposing a settlement of the alleged rule violations described below. This AWC",
          "Document Type": "AWCs (Letters of Acceptance, Waiver, and Consent)",
          "Firms/Individuals": "Debra K. Lyman",
          "Action Date": "02/27/2015"
        },
        {
          "Case ID": "2010025732001",
          "Case Summary": "FINANCIAL INDUSTRY REGULATORY AUTHORITY LETTER OF ACCEPTANCE, WAIVER AND CONSENT NO. 2010025732001 TO: Department of Enforcement Financial Industry Regulatory Authority (\"FINRA\") RE: Debra Kay Littlefield, Respondent General Securities Representative CRD No. 2312877 Pursuant to FINRA Rule 9216 of FINRA's Code of Procedure, I submit this Letter of Acceptance, Waiver and Consent (\"AWC\") for the purpose of proposing a settlement of the alleged rule violations described below. This AWC is submitted on the",
          "Document Type": "AWCs (Letters of Acceptance, Waiver, and Consent)",
          "Firms/Individuals": "DEBRA KAY LITTLEFIELD",
          "Action Date": "05/21/2013"
        },
        {
          "Case ID": "2011026935301",
          "Case Summary": "FINANCIAL INDUSTRY REGULATORY AUTHORITY LETTER OF ACCEPTANCE, WAIVER AND CONSENT NO. 2011026935301 TO: Department of Enforcement Financial Industry Regulatory Authority (\"FINRA\") RE: Debra Kay Bertrand, Respondent General Securities Representative CRD No. 1187249 Pursuant to FINRA Rule 9216 of FINRA's Code of Procedure, I submit this Letter of Acceptance, Waiver and Consent (\"AWC\") for the purpose of proposing a settlement of the alleged rule violations described below. This AWC is submitted on the",
          "Document Type": "AWCs (Letters of Acceptance, Waiver, and Consent)",
          "Firms/Individuals": "DEBRA KAY BERTRAND",
          "Action Date": "11/28/2012"
        },
        {
          "Case ID": "2008016444401",
          "Case Summary": "FINANCIAL INDUSTRY REGULATORY AUTHORITY (FINRA) LETTER OF ACCEPTANCE, WAIVER AND CONSENT NO. 2008016444401 To:     Department of Enforcement Financial Industry Regulatory Authority Re: Debra Ann Lund General Securities Principal and Representative CRD No. 845326 Pursuant to FINRA Rule 9216 of FINRA Code of Procedure, I, Debra Ann Lund",
          "Document Type": "AWCs (Letters of Acceptance, Waiver, and Consent)",
          "Firms/Individuals": "DEBRA ANN LUND",
          "Action Date": "08/21/2009"
        },
        {
          "Case ID": "2007011071701",
          "Case Summary": "FINANCIAL INDUSTRY REGULATORY AUTHORITY OFFICE OF HEARING OFFICERS DEPARTMENT OF ENFORCEMENT, Complainant, v. DEBRA L. HANES (CRD No. 5272382), Respondent. Disciplinary Proceeding No. 20070110717-01 Hearing Officer-Andrew H. Perkins DEFAULT DECISION July 8, 2009  Respondent is barred from associating with any member firm In any capacity for her failure to respond to requests for information, in violation of Procedural Rule 8210 and Conduct Rule 2110. In light of the bar, no additional sanction in imposed",
          "Document Type": "OHO Decisions",
          "Firms/Individuals": "DEBRA L. HANES",
          "Action Date": "07/08/2009"
        },
        {
          "Case ID": "2006007045701",
          "Case Summary": "FINANCIAL INDUSTRY REGULATORY AUTHORITY LETTER OF ACCEPTANCE, WAIVER AND CONSENT NO. 2006007045701 TO: Department of Enforcement Financial Industry Regulatory Authority (\"FINRA\") RE: Debra A. Friend, Respondent Limited Registered Principal (CRD No. 1739192) Pursuant to FINRA Rule 9216 of FINRA's Code of Procedure, I, Debra A. Friend, submit this Letter of Acceptance, Waiver and Consent (\"AWC\") for the purpose of proposing a settlement of the alleged rule violations described below. This AWC is submitted on",
          "Document Type": "AWCs (Letters of Acceptance, Waiver, and Consent)",
          "Firms/Individuals": "DEBRA A. FRIEND",
          "Action Date": "04/02/2009"
        }
      ]
    }
  ],
  "name_scores": {}
}
2025-02-26 17:36:58,145 | INFO | FinancialServicesFacade | Successfully fetched FINRA Disciplinary data for Debra Griewahn
2025-02-26 17:36:58,145 | DEBUG | FinancialServicesFacade | FINRA Disciplinary result received: {
  "actions": [],
  "raw_data": [
    {
      "result": [
        {
          "Case ID": "2014042917901",
          "Case Summary": "FINANCIAL INDUSTRY REGULATORY AUTHORITY LETTER OF ACCEPTANCE, WAIVER AND CONSENT NO. 2014042917901 TO: Department of Enforcement Financial Industry Regulatory Authority (\"FINRA\") RE: Debra J. Ferrara, Respondent Non-Registered Fingerprint Person CRD No. 1143271 Pursuant to FINRA Rule 9216 of FINRA's Code of Procedure, I, Debra J. Ferrara (\"Ferrara\" or \"Respondent\") submit this Letter of Acceptance, Waiver and Consent (\"AWC\") for the purpose of proposing a settlement of the alleged rule violations",
          "Document Type": "AWCs (Letters of Acceptance, Waiver, and Consent)",
          "Firms/Individuals": "DEBRA J. FERRARA",
          "Action Date": "10/14/2016"
        },
        {
          "Case ID": "2015044994601",
          "Case Summary": "FINANCIAL INDUSTRY REGULATORY AUTHORITY LETTER OF ACCEPTANCE, WAIVER AND CONSENT NO. 2015044994601 TO: Department of Enforcement Financial Industry Regulatory Authority (\"FINRA\") RE: Debra Ann Paton, Respondent Former Registered Representative CRD No. 1290432 Pursuant to FINRA Rule 9216 of FINRA's Code of Procedure, I submit this Letter of Acceptance, Waiver and Consent (\"AWC\") for the purpose of proposing a settlement of the alleged rule violations described below.",
          "Document Type": "AWCs (Letters of Acceptance, Waiver, and Consent)",
          "Firms/Individuals": "DEBRA ANN PATON",
          "Action Date": "06/10/2015"
        },
        {
          "Case ID": "2014039874701",
          "Case Summary": "FINANCIAL INDUSTRY REGULATORY AUTHORITY LETTER OF ACCEPTANCE, WAIVER AND CONSENT NO. 2014039874701 TO: Department of Enforcement Financial Industry Regulatory Authority (\"FINRA\") RE: Debra K. Lyman, Respondent CRD No. 1100820 Pursuant to FINRA Rule 9216 of FINRA's Code of Procedure, Respondent Debra K. Lyman (\"Respondent\") submits this Letter of Acceptance, Waiver and Consent (\"AWC\") for the purpose of proposing a settlement of the alleged rule violations described below. This AWC",
          "Document Type": "AWCs (Letters of Acceptance, Waiver, and Consent)",
          "Firms/Individuals": "Debra K. Lyman",
          "Action Date": "02/27/2015"
        },
        {
          "Case ID": "2010025732001",
          "Case Summary": "FINANCIAL INDUSTRY REGULATORY AUTHORITY LETTER OF ACCEPTANCE, WAIVER AND CONSENT NO. 2010025732001 TO: Department of Enforcement Financial Industry Regulatory Authority (\"FINRA\") RE: Debra Kay Littlefield, Respondent General Securities Representative CRD No. 2312877 Pursuant to FINRA Rule 9216 of FINRA's Code of Procedure, I submit this Letter of Acceptance, Waiver and Consent (\"AWC\") for the purpose of proposing a settlement of the alleged rule violations described below. This AWC is submitted on the",
          "Document Type": "AWCs (Letters of Acceptance, Waiver, and Consent)",
          "Firms/Individuals": "DEBRA KAY LITTLEFIELD",
          "Action Date": "05/21/2013"
        },
        {
          "Case ID": "2011026935301",
          "Case Summary": "FINANCIAL INDUSTRY REGULATORY AUTHORITY LETTER OF ACCEPTANCE, WAIVER AND CONSENT NO. 2011026935301 TO: Department of Enforcement Financial Industry Regulatory Authority (\"FINRA\") RE: Debra Kay Bertrand, Respondent General Securities Representative CRD No. 1187249 Pursuant to FINRA Rule 9216 of FINRA's Code of Procedure, I submit this Letter of Acceptance, Waiver and Consent (\"AWC\") for the purpose of proposing a settlement of the alleged rule violations described below. This AWC is submitted on the",
          "Document Type": "AWCs (Letters of Acceptance, Waiver, and Consent)",
          "Firms/Individuals": "DEBRA KAY BERTRAND",
          "Action Date": "11/28/2012"
        },
        {
          "Case ID": "2008016444401",
          "Case Summary": "FINANCIAL INDUSTRY REGULATORY AUTHORITY (FINRA) LETTER OF ACCEPTANCE, WAIVER AND CONSENT NO. 2008016444401 To:     Department of Enforcement Financial Industry Regulatory Authority Re: Debra Ann Lund General Securities Principal and Representative CRD No. 845326 Pursuant to FINRA Rule 9216 of FINRA Code of Procedure, I, Debra Ann Lund",
          "Document Type": "AWCs (Letters of Acceptance, Waiver, and Consent)",
          "Firms/Individuals": "DEBRA ANN LUND",
          "Action Date": "08/21/2009"
        },
        {
          "Case ID": "2007011071701",
          "Case Summary": "FINANCIAL INDUSTRY REGULATORY AUTHORITY OFFICE OF HEARING OFFICERS DEPARTMENT OF ENFORCEMENT, Complainant, v. DEBRA L. HANES (CRD No. 5272382), Respondent. Disciplinary Proceeding No. 20070110717-01 Hearing Officer-Andrew H. Perkins DEFAULT DECISION July 8, 2009  Respondent is barred from associating with any member firm In any capacity for her failure to respond to requests for information, in violation of Procedural Rule 8210 and Conduct Rule 2110. In light of the bar, no additional sanction in imposed",
          "Document Type": "OHO Decisions",
          "Firms/Individuals": "DEBRA L. HANES",
          "Action Date": "07/08/2009"
        },
        {
          "Case ID": "2006007045701",
          "Case Summary": "FINANCIAL INDUSTRY REGULATORY AUTHORITY LETTER OF ACCEPTANCE, WAIVER AND CONSENT NO. 2006007045701 TO: Department of Enforcement Financial Industry Regulatory Authority (\"FINRA\") RE: Debra A. Friend, Respondent Limited Registered Principal (CRD No. 1739192) Pursuant to FINRA Rule 9216 of FINRA's Code of Procedure, I, Debra A. Friend, submit this Letter of Acceptance, Waiver and Consent (\"AWC\") for the purpose of proposing a settlement of the alleged rule violations described below. This AWC is submitted on",
          "Document Type": "AWCs (Letters of Acceptance, Waiver, and Consent)",
          "Firms/Individuals": "DEBRA A. FRIEND",
          "Action Date": "04/02/2009"
        }
      ]
    }
  ],
  "name_scores": {}
}
2025-02-26 17:36:58,146 | INFO | FinancialServicesFacade | No matching disciplinary actions found for Debra Griewahn across SEC and FINRA; due diligence: SEC found 16, FINRA found 8
2025-02-26 17:36:58,146 | INFO | FinancialServicesFacade | Performing arbitration review for Debra Griewahn, Employee: EMP-1234600
2025-02-26 17:36:58,146 | INFO | FinancialServicesFacade | Fetching SEC Arbitration data for Debra Griewahn, Employee: EMP-1234600
2025-02-26 17:36:58,147 | INFO | Marshaller | Cache hit for SEC_Arbitration_Agent/search_individual/EMP-1234600
2025-02-26 17:36:58,147 | INFO | FinancialServicesFacade | Successfully fetched SEC Arbitration data for Debra Griewahn
2025-02-26 17:36:58,147 | DEBUG | normalizer | Normalizing SEC_Arbitration arbitration data for Debra Griewahn
2025-02-26 17:36:58,147 | DEBUG | normalizer | SEC_Arbitration data is a raw list, treating as results
2025-02-26 17:36:58,148 | DEBUG | FinancialServicesFacade | SEC Arbitration normalized result: {
  "actions": [],
  "raw_data": [
    {
      "first_name": "Debra",
      "last_name": "Griewahn",
      "result": "No Results Found"
    }
  ],
  "name_scores": {}
}
2025-02-26 17:36:58,148 | DEBUG | FinancialServicesFacade | SEC Arbitration result received: {
  "actions": [],
  "raw_data": [
    {
      "first_name": "Debra",
      "last_name": "Griewahn",
      "result": "No Results Found"
    }
  ],
  "name_scores": {}
}
2025-02-26 17:36:58,148 | INFO | FinancialServicesFacade | Fetching FINRA Arbitration data for Debra Griewahn, Employee: EMP-1234600
2025-02-26 17:36:58,149 | INFO | Marshaller | Cache hit for FINRA_Arbitration_Agent/search_individual/EMP-1234600
2025-02-26 17:36:58,149 | INFO | FinancialServicesFacade | Successfully fetched FINRA Arbitration data for Debra Griewahn
2025-02-26 17:36:58,149 | DEBUG | normalizer | Normalizing FINRA_Arbitration arbitration data for Debra Griewahn
2025-02-26 17:36:58,149 | DEBUG | normalizer | FINRA_Arbitration data is a raw list, treating as results
2025-02-26 17:36:58,149 | DEBUG | normalizer | No respondents found in Unknown, skipping match
2025-02-26 17:36:58,150 | DEBUG | FinancialServicesFacade | FINRA Arbitration normalized result: {
  "actions": [],
  "raw_data": [
    {
      "result": [
        {
          "Award Document": "23-01461",
          "PDF URL": "/sites/default/files/aao_documents/23-01461.pdf",
          "Case Summary": {
            "Claimant(s):": "Debra Gordon",
            "Claimant Representative(s):": "Debra Gordon",
            "Respondent(s):": "Quoin Capital LLC",
            "Neutral(s):": "Pamela A. Kentra",
            "Hearing Site:": "Chicago, IL"
          },
          "Document Type": "Award",
          "Forum": "FINRA",
          "Date of Award": "09/28/2023"
        },
        {
          "Award Document": "18-01105",
          "PDF URL": "/sites/default/files/aao_documents/18-01105.pdf",
          "Case Summary": {
            "Claimant(s):": "Elena Horohoe, Rose Aliotta",
            "Claimant Representative(s):": "Christopher P. Milazzo",
            "Respondent(s):": "Debra Bushman, UBS Financial Services Inc.",
            "Neutral(s):": "Robert E. Anderson",
            "Hearing Site:": "New York, NY"
          },
          "Document Type": "Award",
          "Forum": "FINRA",
          "Date of Award": "10/07/2019"
        },
        {
          "Award Document": "20-01801",
          "PDF URL": "/sites/default/files/aao_documents/20-01801.pdf",
          "Case Summary": {
            "Claimant(s):": "Carl Williams, Debra Williams",
            "Claimant Representative(s):": "Debra R. Williams",
            "Respondent(s):": "David Cooper, Edward Jones",
            "Neutral(s):": "Charles G. Michaels",
            "Hearing Site:": "Denver, CO"
          },
          "Document Type": "Award",
          "Forum": "FINRA",
          "Date of Award": "08/26/2021"
        },
        {
          "Award Document": "13-03448",
          "PDF URL": "/sites/default/files/aao_documents/13-03448-Award-FINRA-20150413.pdf",
          "Case Summary": {
            "Claimant(s):": "Darren Josephson, Richard Almond, Trent Yost",
            "Claimant Representative(s):": "James K. Barbee",
            "Respondent(s):": "Amy Allen, Arlo Luke, Bernard Judge, Brent Lee, Bruce Newbold, Catherine Judge, Clair Bowen, Claire Hill, CoyAnn Tilton, Debra Adams, Ernest Hedstrom, Gary Summers, Hal Adams, Jared Allen, Jerry Wixom, John Hoopes, Kevin Webster, Norma Galazin, Parke Josephson, Patsy Bagley Brunson, Rhett Summers, Shannon Summers, Sharron Josephson, Shawn Webster, Shayne Hill, Susan Bowen, Todd Birch, Traci Birch, William Tilton, Bowen First Family LLC, Savetech, LLC, Summerco Inc., Varsity Contractors, Inc., Wild Sage, LLC, The Estate of Verla Ball, Hans & Petrea Hibbert Rev Living Trust, J. Marvin & Sandra P. Hess Family Trust, The Ritter Family Trust C",
            "Neutral(s):": "Keith C. Folkman",
            "Hearing Site:": "Boise, ID"
          },
          "Document Type": "Award",
          "Forum": "FINRA",
          "Date of Award": "04/13/2015"
        },
        {
          "Award Document": "07-02111",
          "PDF URL": "/sites/default/files/aao_documents/07-02111-Award-FINRA-20090206.pdf",
          "Case Summary": {
            "Claimant(s):": "Paul Baiocchi",
            "Claimant Representative(s):": "L.B. Chip Edleson",
            "Respondent(s):": "Euro Pacific Capital, Inc.",
            "Neutral(s):": "Laurent C. Vonderweidt, Dennis A. Torres, Debra Brothers Self",
            "Hearing Site:": "Los Angeles, CA"
          },
          "Document Type": "Award",
          "Forum": "FINRA",
          "Date of Award": "02/06/2009"
        },
        {
          "Award Document": "13-00990",
          "PDF URL": "/sites/default/files/aao_documents/13-00990-Award-All%20Public%20Panel-20140822.pdf",
          "Case Summary": {
            "Claimant(s):": "Debra Rafano",
            "Claimant Representative(s):": "Debra J. Rafano",
            "Respondent(s):": "Morgan Stanley Dean Witter",
            "Neutral(s):": "R Lee Britton, Robert L. Moran, William Guy Arnot",
            "Hearing Site:": "Houston, TX"
          },
          "Document Type": "Award",
          "Forum": "FINRA",
          "Date of Award": "08/22/2014"
        },
        {
          "Award Document": "18-02897",
          "PDF URL": "/sites/default/files/aao_documents/18-02897.pdf",
          "Case Summary": {
            "Claimant(s):": "Debra Degenshein",
            "Claimant Representative(s):": "Debra Ann Degenshein",
            "Respondent(s):": "John Guderyon, Crest Capital Llc",
            "Neutral(s):": "Robert M. Stein",
            "Hearing Site:": "Seattle, WA"
          },
          "Document Type": "Award",
          "Forum": "FINRA",
          "Date of Award": "01/18/2019"
        },
        {
          "Award Document": "09-06928",
          "PDF URL": "/sites/default/files/aao_documents/09-06928-Award-FINRA-20100715.pdf",
          "Case Summary": {
            "Claimant(s):": "Debra Alavi DDS MS Defined Benefit Plan,",
            "Claimant Representative(s):": "Debra G Alavi",
            "Respondent(s):": "Douglas Mavrovic",
            "Neutral(s):": "Michael S. Matek",
            "Hearing Site:": "Chicago, IL"
          },
          "Document Type": "Award",
          "Forum": "FINRA",
          "Date of Award": "07/15/2010"
        },
        {
          "Award Document": "20-02053",
          "PDF URL": "/sites/default/files/aao_documents/20-02053.pdf",
          "Case Summary": {
            "Claimant(s):": "Martha Vogt, Executrix of Estate of Joseph J. Greco, Trust Est Under the Will of Joseph Greco",
            "Claimant Representative(s):": "Scott A. Lane",
            "Respondent(s):": "Christopher Greco, Debra Greco, Erika Greco, UBS Financial Services Inc., The Estate of Regina Greco",
            "Neutral(s):": "Mary Kathleen Coleman, Rosemary Christina Crawford, Angela Hayden",
            "Hearing Site:": "Pittsburgh, PA"
          },
          "Document Type": "Award",
          "Forum": "FINRA",
          "Date of Award": "11/29/2023"
        },
        {
          "Award Document": "20-02376",
          "PDF URL": "/sites/default/files/aao_documents/20-02376.pdf",
          "Case Summary": {
            "Claimant(s):": "Debra Bushman",
            "Claimant Representative(s):": "Bradley D. Schnur",
            "Respondent(s):": "UBS Financial Services Inc.",
            "Neutral(s):": "Eric Goldman",
            "Hearing Site:": "New York, NY"
          },
          "Document Type": "Award",
          "Forum": "FINRA",
          "Date of Award": "07/19/2021"
        },
        {
          "Award Document": "11-02989",
          "PDF URL": "/sites/default/files/aao_documents/11-02989-Award-FINRA-20120316.pdf",
          "Case Summary": {
            "Claimant(s):": "Debra Silverman",
            "Claimant Representative(s):": "Debra S. Silverman",
            "Respondent(s):": "TIAA-CREF Individual & Institutional Ser",
            "Neutral(s):": "Dennis R. Frohlich",
            "Hearing Site:": "Denver, CO"
          },
          "Document Type": "Award",
          "Forum": "FINRA",
          "Date of Award": "03/16/2012"
        },
        {
          "Award Document": "20-02489",
          "PDF URL": "/sites/default/files/aao_documents/20-02489.pdf",
          "Case Summary": {
            "Claimant(s):": "Debra Bushman",
            "Claimant Representative(s):": "Bradley D. Schnur",
            "Respondent(s):": "Janney Montgomery Scott LLC",
            "Neutral(s):": "Karen Isabel Bedrosian - Richardson",
            "Hearing Site:": "New York, NY"
          },
          "Document Type": "Award",
          "Forum": "FINRA",
          "Date of Award": "09/14/2021"
        },
        {
          "Award Document": "18-01056",
          "PDF URL": "/sites/default/files/aao_documents/18-01056.pdf",
          "Case Summary": {
            "Claimant(s):": "Debra Mandrell",
            "Claimant Representative(s):": "Debra A. Mandrell",
            "Respondent(s):": "Edward Jones, Luke Connell",
            "Neutral(s):": "Michael L. Lyons",
            "Hearing Site:": "St. Louis, MO"
          },
          "Document Type": "Award",
          "Forum": "FINRA",
          "Date of Award": "09/24/2018"
        },
        {
          "Award Document": "09-01364",
          "PDF URL": "/sites/default/files/aao_documents/09-01364-Award-Public%20Arbitrator%20Pilot%20Program-20110825.pdf",
          "Case Summary": {
            "Claimant(s):": "Debra Swann",
            "Claimant Representative(s):": "Debra Swann",
            "Respondent(s):": "Morgan Stanley & Co., LLC",
            "Neutral(s):": "M. Michael Cramer, Brenda J. Stovall, Evelyn D. Pisegna-Cook",
            "Hearing Site:": "Baltimore, MD"
          },
          "Document Type": "Award",
          "Forum": "FINRA",
          "Date of Award": "08/25/2011"
        },
        {
          "Award Document": "19-00773",
          "PDF URL": "/sites/default/files/aao_documents/19-00773.pdf",
          "Case Summary": {
            "Claimant(s):": "Frank Congemi",
            "Claimant Representative(s):": "Katie Lynn Zorc",
            "Respondent(s):": "Barbara Nason",
            "Neutral(s):": "Debra M. Brown, Ericka B. Gray, Howard N. Gorney",
            "Hearing Site:": "Boston, MA"
          },
          "Document Type": "Award",
          "Forum": "FINRA",
          "Date of Award": "10/29/2019"
        }
      ]
    }
  ],
  "name_scores": {}
}
2025-02-26 17:36:58,151 | DEBUG | FinancialServicesFacade | FINRA Arbitration result received: {
  "actions": [],
  "raw_data": [
    {
      "result": [
        {
          "Award Document": "23-01461",
          "PDF URL": "/sites/default/files/aao_documents/23-01461.pdf",
          "Case Summary": {
            "Claimant(s):": "Debra Gordon",
            "Claimant Representative(s):": "Debra Gordon",
            "Respondent(s):": "Quoin Capital LLC",
            "Neutral(s):": "Pamela A. Kentra",
            "Hearing Site:": "Chicago, IL"
          },
          "Document Type": "Award",
          "Forum": "FINRA",
          "Date of Award": "09/28/2023"
        },
        {
          "Award Document": "18-01105",
          "PDF URL": "/sites/default/files/aao_documents/18-01105.pdf",
          "Case Summary": {
            "Claimant(s):": "Elena Horohoe, Rose Aliotta",
            "Claimant Representative(s):": "Christopher P. Milazzo",
            "Respondent(s):": "Debra Bushman, UBS Financial Services Inc.",
            "Neutral(s):": "Robert E. Anderson",
            "Hearing Site:": "New York, NY"
          },
          "Document Type": "Award",
          "Forum": "FINRA",
          "Date of Award": "10/07/2019"
        },
        {
          "Award Document": "20-01801",
          "PDF URL": "/sites/default/files/aao_documents/20-01801.pdf",
          "Case Summary": {
            "Claimant(s):": "Carl Williams, Debra Williams",
            "Claimant Representative(s):": "Debra R. Williams",
            "Respondent(s):": "David Cooper, Edward Jones",
            "Neutral(s):": "Charles G. Michaels",
            "Hearing Site:": "Denver, CO"
          },
          "Document Type": "Award",
          "Forum": "FINRA",
          "Date of Award": "08/26/2021"
        },
        {
          "Award Document": "13-03448",
          "PDF URL": "/sites/default/files/aao_documents/13-03448-Award-FINRA-20150413.pdf",
          "Case Summary": {
            "Claimant(s):": "Darren Josephson, Richard Almond, Trent Yost",
            "Claimant Representative(s):": "James K. Barbee",
            "Respondent(s):": "Amy Allen, Arlo Luke, Bernard Judge, Brent Lee, Bruce Newbold, Catherine Judge, Clair Bowen, Claire Hill, CoyAnn Tilton, Debra Adams, Ernest Hedstrom, Gary Summers, Hal Adams, Jared Allen, Jerry Wixom, John Hoopes, Kevin Webster, Norma Galazin, Parke Josephson, Patsy Bagley Brunson, Rhett Summers, Shannon Summers, Sharron Josephson, Shawn Webster, Shayne Hill, Susan Bowen, Todd Birch, Traci Birch, William Tilton, Bowen First Family LLC, Savetech, LLC, Summerco Inc., Varsity Contractors, Inc., Wild Sage, LLC, The Estate of Verla Ball, Hans & Petrea Hibbert Rev Living Trust, J. Marvin & Sandra P. Hess Family Trust, The Ritter Family Trust C",
            "Neutral(s):": "Keith C. Folkman",
            "Hearing Site:": "Boise, ID"
          },
          "Document Type": "Award",
          "Forum": "FINRA",
          "Date of Award": "04/13/2015"
        },
        {
          "Award Document": "07-02111",
          "PDF URL": "/sites/default/files/aao_documents/07-02111-Award-FINRA-20090206.pdf",
          "Case Summary": {
            "Claimant(s):": "Paul Baiocchi",
            "Claimant Representative(s):": "L.B. Chip Edleson",
            "Respondent(s):": "Euro Pacific Capital, Inc.",
            "Neutral(s):": "Laurent C. Vonderweidt, Dennis A. Torres, Debra Brothers Self",
            "Hearing Site:": "Los Angeles, CA"
          },
          "Document Type": "Award",
          "Forum": "FINRA",
          "Date of Award": "02/06/2009"
        },
        {
          "Award Document": "13-00990",
          "PDF URL": "/sites/default/files/aao_documents/13-00990-Award-All%20Public%20Panel-20140822.pdf",
          "Case Summary": {
            "Claimant(s):": "Debra Rafano",
            "Claimant Representative(s):": "Debra J. Rafano",
            "Respondent(s):": "Morgan Stanley Dean Witter",
            "Neutral(s):": "R Lee Britton, Robert L. Moran, William Guy Arnot",
            "Hearing Site:": "Houston, TX"
          },
          "Document Type": "Award",
          "Forum": "FINRA",
          "Date of Award": "08/22/2014"
        },
        {
          "Award Document": "18-02897",
          "PDF URL": "/sites/default/files/aao_documents/18-02897.pdf",
          "Case Summary": {
            "Claimant(s):": "Debra Degenshein",
            "Claimant Representative(s):": "Debra Ann Degenshein",
            "Respondent(s):": "John Guderyon, Crest Capital Llc",
            "Neutral(s):": "Robert M. Stein",
            "Hearing Site:": "Seattle, WA"
          },
          "Document Type": "Award",
          "Forum": "FINRA",
          "Date of Award": "01/18/2019"
        },
        {
          "Award Document": "09-06928",
          "PDF URL": "/sites/default/files/aao_documents/09-06928-Award-FINRA-20100715.pdf",
          "Case Summary": {
            "Claimant(s):": "Debra Alavi DDS MS Defined Benefit Plan,",
            "Claimant Representative(s):": "Debra G Alavi",
            "Respondent(s):": "Douglas Mavrovic",
            "Neutral(s):": "Michael S. Matek",
            "Hearing Site:": "Chicago, IL"
          },
          "Document Type": "Award",
          "Forum": "FINRA",
          "Date of Award": "07/15/2010"
        },
        {
          "Award Document": "20-02053",
          "PDF URL": "/sites/default/files/aao_documents/20-02053.pdf",
          "Case Summary": {
            "Claimant(s):": "Martha Vogt, Executrix of Estate of Joseph J. Greco, Trust Est Under the Will of Joseph Greco",
            "Claimant Representative(s):": "Scott A. Lane",
            "Respondent(s):": "Christopher Greco, Debra Greco, Erika Greco, UBS Financial Services Inc., The Estate of Regina Greco",
            "Neutral(s):": "Mary Kathleen Coleman, Rosemary Christina Crawford, Angela Hayden",
            "Hearing Site:": "Pittsburgh, PA"
          },
          "Document Type": "Award",
          "Forum": "FINRA",
          "Date of Award": "11/29/2023"
        },
        {
          "Award Document": "20-02376",
          "PDF URL": "/sites/default/files/aao_documents/20-02376.pdf",
          "Case Summary": {
            "Claimant(s):": "Debra Bushman",
            "Claimant Representative(s):": "Bradley D. Schnur",
            "Respondent(s):": "UBS Financial Services Inc.",
            "Neutral(s):": "Eric Goldman",
            "Hearing Site:": "New York, NY"
          },
          "Document Type": "Award",
          "Forum": "FINRA",
          "Date of Award": "07/19/2021"
        },
        {
          "Award Document": "11-02989",
          "PDF URL": "/sites/default/files/aao_documents/11-02989-Award-FINRA-20120316.pdf",
          "Case Summary": {
            "Claimant(s):": "Debra Silverman",
            "Claimant Representative(s):": "Debra S. Silverman",
            "Respondent(s):": "TIAA-CREF Individual & Institutional Ser",
            "Neutral(s):": "Dennis R. Frohlich",
            "Hearing Site:": "Denver, CO"
          },
          "Document Type": "Award",
          "Forum": "FINRA",
          "Date of Award": "03/16/2012"
        },
        {
          "Award Document": "20-02489",
          "PDF URL": "/sites/default/files/aao_documents/20-02489.pdf",
          "Case Summary": {
            "Claimant(s):": "Debra Bushman",
            "Claimant Representative(s):": "Bradley D. Schnur",
            "Respondent(s):": "Janney Montgomery Scott LLC",
            "Neutral(s):": "Karen Isabel Bedrosian - Richardson",
            "Hearing Site:": "New York, NY"
          },
          "Document Type": "Award",
          "Forum": "FINRA",
          "Date of Award": "09/14/2021"
        },
        {
          "Award Document": "18-01056",
          "PDF URL": "/sites/default/files/aao_documents/18-01056.pdf",
          "Case Summary": {
            "Claimant(s):": "Debra Mandrell",
            "Claimant Representative(s):": "Debra A. Mandrell",
            "Respondent(s):": "Edward Jones, Luke Connell",
            "Neutral(s):": "Michael L. Lyons",
            "Hearing Site:": "St. Louis, MO"
          },
          "Document Type": "Award",
          "Forum": "FINRA",
          "Date of Award": "09/24/2018"
        },
        {
          "Award Document": "09-01364",
          "PDF URL": "/sites/default/files/aao_documents/09-01364-Award-Public%20Arbitrator%20Pilot%20Program-20110825.pdf",
          "Case Summary": {
            "Claimant(s):": "Debra Swann",
            "Claimant Representative(s):": "Debra Swann",
            "Respondent(s):": "Morgan Stanley & Co., LLC",
            "Neutral(s):": "M. Michael Cramer, Brenda J. Stovall, Evelyn D. Pisegna-Cook",
            "Hearing Site:": "Baltimore, MD"
          },
          "Document Type": "Award",
          "Forum": "FINRA",
          "Date of Award": "08/25/2011"
        },
        {
          "Award Document": "19-00773",
          "PDF URL": "/sites/default/files/aao_documents/19-00773.pdf",
          "Case Summary": {
            "Claimant(s):": "Frank Congemi",
            "Claimant Representative(s):": "Katie Lynn Zorc",
            "Respondent(s):": "Barbara Nason",
            "Neutral(s):": "Debra M. Brown, Ericka B. Gray, Howard N. Gorney",
            "Hearing Site:": "Boston, MA"
          },
          "Document Type": "Award",
          "Forum": "FINRA",
          "Date of Award": "10/29/2019"
        }
      ]
    }
  ],
  "name_scores": {}
}
2025-02-26 17:36:58,151 | INFO | FinancialServicesFacade | No matching arbitration actions found for Debra Griewahn across SEC and FINRA; due diligence: SEC found 16, FINRA found 15
2025-02-26 17:36:58,152 | INFO | business | Claim processing completed for {'reference_id': 'SP826561222312211_PBI-F45E514B08844DF', 'first_name': 'Debra', 'middle_name': '', 'last_name': 'Griewahn', 'employee_number': 'EMP-1234600', 'crd_number': '1555796', 'address_line1': '', 'city': '', 'state': '', 'zip': '', 'county': '', 'organization_name': 'Level Four Advisory Services', 'individual_name': 'Debra Griewahn'} with report built
2025-02-26 17:36:58,152 | DEBUG | main | Raw report from process_claim: {
  "reference_id": "SP826561222312211_PBI-F45E514B08844DF",
  "claim": {
    "reference_id": "SP826561222312211_PBI-F45E514B08844DF",
    "first_name": "Debra",
    "middle_name": "",
    "last_name": "Griewahn",
    "employee_number": "EMP-1234600",
    "crd_number": "1555796",
    "address_line1": "",
    "city": "",
    "state": "",
    "zip": "",
    "county": "",
    "organization_name": "Level Four Advisory Services",
    "individual_name": "Debra Griewahn"
  },
  "search_evaluation": {
    "source": "BrokerCheck",
    "search_strategy": "search_with_crd_and_org_name",
    "crd_number": "1555796",
    "basic_result": {
      "fetched_name": "DEBRA ANN GRIEWAHN",
      "other_names": [
        "DEBRA ANN COLLINS",
        "DEBRA MAIRS COLLINS",
        "DEBRA ANN MAIRS",
        "DEBRA ANN MONTANARELLO",
        "DEBRA MAIRS WOJCHIECHOWSKI",
        "DEBRA MARIS WOJCIECHOWSKI"
      ],
      "bc_scope": "Active",
      "ia_scope": "Active",
      "disclosures": [],
      "arbitrations": [],
      "exams": [],
      "current_ia_employments": [],
      "crd_number": "1555796"
    },
    "detailed_result": {
      "fetched_name": "DEBRA ANN GRIEWAHN",
      "other_names": [
        "DEBRA ANN COLLINS",
        "DEBRA MAIRS COLLINS",
        "DEBRA ANN MAIRS",
        "DEBRA ANN MONTANARELLO",
        "DEBRA MAIRS WOJCHIECHOWSKI",
        "DEBRA MARIS WOJCIECHOWSKI"
      ],
      "bc_scope": "Active",
      "ia_scope": "Active",
      "disclosures": [],
      "arbitrations": [],
      "exams": [],
      "current_ia_employments": [],
      "crd_number": "1555796"
    }
  },
  "status_evaluation": {
    "compliance": true,
    "compliance_explanation": "Registration status is valid.",
    "alerts": []
  },
  "name_evaluation": {
    "compliance": true,
    "compliance_explanation": "Name matches fetched record.",
    "evaluation_details": {
      "claimed_name": {
        "first": "Debra",
        "middle": null,
        "last": "Griewahn"
      },
      "all_matches": [
        {
          "name_source": "main_fetched_name",
          "fetched_name": {
            "first": "DEBRA",
            "middle": "ANN",
            "last": "GRIEWAHN"
          },
          "score": 95.0,
          "first_score": 1.0,
          "middle_score": 0.5,
          "last_score": 1.0
        },
        {
          "name_source": "other_names[0]",
          "fetched_name": {
            "first": "DEBRA",
            "middle": "ANN",
            "last": "COLLINS"
          },
          "score": 45.0,
          "first_score": 1.0,
          "middle_score": 0.5,
          "last_score": 0.0
        },
        {
          "name_source": "other_names[1]",
          "fetched_name": {
            "first": "DEBRA",
            "middle": "MAIRS",
            "last": "COLLINS"
          },
          "score": 45.0,
          "first_score": 1.0,
          "middle_score": 0.5,
          "last_score": 0.0
        },
        {
          "name_source": "other_names[2]",
          "fetched_name": {
            "first": "DEBRA",
            "middle": "ANN",
            "last": "MAIRS"
          },
          "score": 45.0,
          "first_score": 1.0,
          "middle_score": 0.5,
          "last_score": 0.0
        },
        {
          "name_source": "other_names[3]",
          "fetched_name": {
            "first": "DEBRA",
            "middle": "ANN",
            "last": "MONTANARELLO"
          },
          "score": 45.0,
          "first_score": 1.0,
          "middle_score": 0.5,
          "last_score": 0.0
        },
        {
          "name_source": "other_names[4]",
          "fetched_name": {
            "first": "DEBRA",
            "middle": "MAIRS",
            "last": "WOJCHIECHOWSKI"
          },
          "score": 45.0,
          "first_score": 1.0,
          "middle_score": 0.5,
          "last_score": 0.0
        },
        {
          "name_source": "other_names[5]",
          "fetched_name": {
            "first": "DEBRA",
            "middle": "MARIS",
            "last": "WOJCIECHOWSKI"
          },
          "score": 45.0,
          "first_score": 1.0,
          "middle_score": 0.5,
          "last_score": 0.0
        }
      ],
      "best_match": {
        "name_source": "main_fetched_name",
        "fetched_name": {
          "first": "DEBRA",
          "middle": "ANN",
          "last": "GRIEWAHN"
        },
        "score": 95.0,
        "first_score": 1.0,
        "middle_score": 0.5,
        "last_score": 1.0
      },
      "compliance": true
    }
  },
  "license_evaluation": {
    "compliance": true,
    "compliance_explanation": "License is active and compliant."
  },
  "exam_evaluation": {
    "compliance": true,
    "compliance_explanation": "Required exams are passed."
  },
  "disclosure_review": {
    "compliance": true,
    "compliance_explanation": "No disclosures found for Debra Griewahn.",
    "alerts": []
  },
  "disciplinary_evaluation": {
    "compliance": true,
    "compliance_explanation": "No matching disciplinary records found for Debra Griewahn, but 24 records were reviewed and filtered, suggesting possible alias or data issues.",
    "actions": [],
    "alerts": [
      {
        "alert_type": "Disciplinary Search Info",
        "alert_category": "DISCIPLINARY",
        "severity": "Medium",
        "metadata": {
          "due_diligence": {
            "searched_name": "Debra Griewahn",
            "sec_disciplinary": {
              "records_found": 16,
              "records_filtered": 16,
              "names_found": [],
              "name_scores": {},
              "exact_match_found": false,
              "status": "Records found but no matches for 'Debra Griewahn'"
            },
            "finra_disciplinary": {
              "records_found": 8,
              "records_filtered": 8,
              "names_found": [],
              "name_scores": {},
              "exact_match_found": false,
              "status": "Records found but no matches for 'Debra Griewahn'"
            }
          }
        },
        "description": "Found 24 disciplinary records for Debra Griewahn, all filtered out due to name mismatch. Potential review needed."
      }
    ],
    "due_diligence": {
      "searched_name": "Debra Griewahn",
      "sec_disciplinary": {
        "records_found": 16,
        "records_filtered": 16,
        "names_found": [],
        "name_scores": {},
        "exact_match_found": false,
        "status": "Records found but no matches for 'Debra Griewahn'"
      },
      "finra_disciplinary": {
        "records_found": 8,
        "records_filtered": 8,
        "names_found": [],
        "name_scores": {},
        "exact_match_found": false,
        "status": "Records found but no matches for 'Debra Griewahn'"
      }
    }
  },
  "arbitration_review": {
    "compliance": true,
    "compliance_explanation": "No matching arbitration records found for Debra Griewahn, but 31 records were reviewed and filtered, suggesting possible alias or data issues.",
    "actions": [],
    "alerts": [
      {
        "alert_type": "Arbitration Search Info",
        "alert_category": "ARBITRATION",
        "severity": "Medium",
        "metadata": {
          "due_diligence": {
            "searched_name": "Debra Griewahn",
            "sec_arbitration": {
              "records_found": 16,
              "records_filtered": 16,
              "names_found": [],
              "name_scores": {},
              "exact_match_found": false,
              "status": "Records found but no matches for 'Debra Griewahn'"
            },
            "finra_arbitration": {
              "records_found": 15,
              "records_filtered": 15,
              "names_found": [],
              "name_scores": {},
              "exact_match_found": false,
              "status": "Records found but no matches for 'Debra Griewahn'"
            }
          }
        },
        "description": "Found 31 arbitration records for Debra Griewahn, all filtered out due to name mismatch. Potential review needed."
      }
    ],
    "due_diligence": {
      "searched_name": "Debra Griewahn",
      "sec_arbitration": {
        "records_found": 16,
        "records_filtered": 16,
        "names_found": [],
        "name_scores": {},
        "exact_match_found": false,
        "status": "Records found but no matches for 'Debra Griewahn'"
      },
      "finra_arbitration": {
        "records_found": 15,
        "records_filtered": 15,
        "names_found": [],
        "name_scores": {},
        "exact_match_found": false,
        "status": "Records found but no matches for 'Debra Griewahn'"
      }
    }
  },
  "final_evaluation": {
    "overall_compliance": true,
    "overall_risk_level": "Medium",
    "recommendations": "No immediate action required.",
    "alerts": [
      {
        "alert_type": "Disciplinary Search Info",
        "alert_category": "DISCIPLINARY",
        "severity": "Medium",
        "metadata": {
          "due_diligence": {
            "searched_name": "Debra Griewahn",
            "sec_disciplinary": {
              "records_found": 16,
              "records_filtered": 16,
              "names_found": [],
              "name_scores": {},
              "exact_match_found": false,
              "status": "Records found but no matches for 'Debra Griewahn'"
            },
            "finra_disciplinary": {
              "records_found": 8,
              "records_filtered": 8,
              "names_found": [],
              "name_scores": {},
              "exact_match_found": false,
              "status": "Records found but no matches for 'Debra Griewahn'"
            }
          }
        },
        "description": "Found 24 disciplinary records for Debra Griewahn, all filtered out due to name mismatch. Potential review needed."
      },
      {
        "alert_type": "Arbitration Search Info",
        "alert_category": "ARBITRATION",
        "severity": "Medium",
        "metadata": {
          "due_diligence": {
            "searched_name": "Debra Griewahn",
            "sec_arbitration": {
              "records_found": 16,
              "records_filtered": 16,
              "names_found": [],
              "name_scores": {},
              "exact_match_found": false,
              "status": "Records found but no matches for 'Debra Griewahn'"
            },
            "finra_arbitration": {
              "records_found": 15,
              "records_filtered": 15,
              "names_found": [],
              "name_scores": {},
              "exact_match_found": false,
              "status": "Records found but no matches for 'Debra Griewahn'"
            }
          }
        },
        "description": "Found 31 arbitration records for Debra Griewahn, all filtered out due to name mismatch. Potential review needed."
      }
    ]
  }
}
2025-02-26 17:36:58,154 | DEBUG | main | Saving report to output/SP826561222312211_PBI-F45E514B08844DF.json
2025-02-26 17:36:58,155 | INFO | main | Processed SP826561222312211_PBI-F45E514B08844DF, overall_compliance: True
2025-02-26 17:37:05,160 | DEBUG | main | Checkpoint saved: SP826561222312211_PBI-F45E514B08844DF_20250213154419.csv, line 2
2025-02-26 17:37:12,165 | INFO | main | Archived drop/SP826561222312211_PBI-F45E514B08844DF_20250213154419.csv to archive/02-26-2025/SP826561222312211_PBI-F45E514B08844DF_20250213154419.csv
2025-02-26 17:37:12,165 | INFO | main | Processed 1 files, 3 records
2025-02-26 17:37:12,166 | DEBUG | selenium.webdriver.remote.remote_connection | DELETE http://localhost:52655/session/8714ae12758724e9b3a8b855a18d05d0 {}
2025-02-26 17:37:12,221 | DEBUG | urllib3.connectionpool | http://localhost:52655 "DELETE /session/8714ae12758724e9b3a8b855a18d05d0 HTTP/1.1" 200 0
2025-02-26 17:37:12,221 | DEBUG | selenium.webdriver.remote.remote_connection | Remote response: status=200 | data={"value":null} | headers=HTTPHeaderDict({'Content-Length': '14', 'Content-Type': 'application/json; charset=utf-8', 'cache-control': 'no-cache'})
2025-02-26 17:37:12,221 | DEBUG | selenium.webdriver.remote.remote_connection | Finished Request
2025-02-26 17:37:12,266 | INFO | FinancialServicesFacade | WebDriver closed
2025-02-26 17:50:27,290 | INFO | main | === Starting application ===
2025-02-26 17:50:34,088 | INFO | main | Processing drop/SP826561222312211_PBI-F45E514B08844DF_20250213154419.csv from line 0
2025-02-26 17:50:34,089 | INFO | main | Starting to process drop/SP826561222312211_PBI-F45E514B08844DF_20250213154419.csv from line 0
2025-02-26 17:50:34,090 | WARNING | main | Unmapped CSV column: workProductNumber
2025-02-26 17:50:34,090 | WARNING | main | Unmapped CSV column: organizationCrdNumber
2025-02-26 17:50:34,090 | WARNING | main | Empty header name encountered
2025-02-26 17:50:34,090 | INFO | business | Starting claim processing for {'reference_id': 'SP826561222312211_PBI-F45E514B08844DF', 'first_name': 'Debra', 'middle_name': '', 'last_name': 'Griewahn', 'employee_number': 'EMP-1234600', 'crd_number': '1555796', 'address_line1': '', 'city': '', 'state': '', 'zip': '', 'county': '', 'organization_name': 'Level Four Advisory Services', 'individual_name': 'Debra Griewahn'}, Employee='EMP-1234600'
2025-02-26 17:50:34,090 | INFO | business | Claim has crd_number and organization_name, selecting search_with_crd_and_org_name
2025-02-26 17:50:34,090 | INFO | business | Searching with crd_number='1555796', organization_name='Level Four Advisory Services', Employee='EMP-1234600'
2025-02-26 17:50:34,090 | INFO | FinancialServicesFacade | Fetching FINRA BrokerCheck basic info for CRD: 1555796, Employee: EMP-1234600
2025-02-26 17:50:34,093 | INFO | Marshaller | Cache hit for FINRA_BrokerCheck_Agent/search_individual/EMP-1234600
2025-02-26 17:50:34,095 | INFO | Marshaller | Cache hit for FINRA_BrokerCheck_Agent/search_individual_detailed_info/EMP-1234600
2025-02-26 17:50:34,095 | INFO | FinancialServicesFacade | Successfully fetched FINRA BrokerCheck data for 1555796
2025-02-26 17:50:34,095 | WARNING | FinancialServicesFacade | Calling search_finra_brokercheck_detailed is deprecated; use search_finra_brokercheck_individual instead for CRD: 1555796
2025-02-26 17:50:34,095 | INFO | FinancialServicesFacade | Fetching FINRA BrokerCheck basic info for CRD: 1555796, Employee: EMP-1234600
2025-02-26 17:50:34,096 | INFO | Marshaller | Cache hit for FINRA_BrokerCheck_Agent/search_individual/EMP-1234600
2025-02-26 17:50:34,096 | INFO | Marshaller | Cache hit for FINRA_BrokerCheck_Agent/search_individual_detailed_info/EMP-1234600
2025-02-26 17:50:34,097 | INFO | FinancialServicesFacade | Successfully fetched FINRA BrokerCheck data for 1555796
2025-02-26 17:50:34,097 | INFO | FinancialServicesFacade | Performing disciplinary review for Debra Griewahn, Employee: EMP-1234600
2025-02-26 17:50:34,097 | INFO | FinancialServicesFacade | Fetching SEC Disciplinary data for Debra Griewahn, Employee: EMP-1234600
2025-02-26 17:50:34,098 | INFO | Marshaller | Cache hit for SEC_Disciplinary_Agent/search_individual/EMP-1234600
2025-02-26 17:50:34,099 | INFO | FinancialServicesFacade | Successfully fetched SEC Disciplinary data for Debra Griewahn
2025-02-26 17:50:34,099 | INFO | FinancialServicesFacade | Fetching FINRA Disciplinary data for Debra Griewahn, Employee: EMP-1234600
2025-02-26 17:50:34,100 | INFO | Marshaller | Cache hit for FINRA_Disciplinary_Agent/search_individual/EMP-1234600
2025-02-26 17:50:34,100 | INFO | FinancialServicesFacade | Successfully fetched FINRA Disciplinary data for Debra Griewahn
2025-02-26 17:50:34,100 | INFO | FinancialServicesFacade | No matching disciplinary actions found for Debra Griewahn across SEC and FINRA; due diligence: SEC found 16, FINRA found 8
2025-02-26 17:50:34,100 | INFO | FinancialServicesFacade | Performing arbitration review for Debra Griewahn, Employee: EMP-1234600
2025-02-26 17:50:34,100 | INFO | FinancialServicesFacade | Fetching SEC Arbitration data for Debra Griewahn, Employee: EMP-1234600
2025-02-26 17:50:34,101 | INFO | Marshaller | Cache hit for SEC_Arbitration_Agent/search_individual/EMP-1234600
2025-02-26 17:50:34,101 | INFO | FinancialServicesFacade | Successfully fetched SEC Arbitration data for Debra Griewahn
2025-02-26 17:50:34,101 | INFO | FinancialServicesFacade | Fetching FINRA Arbitration data for Debra Griewahn, Employee: EMP-1234600
2025-02-26 17:50:34,103 | INFO | Marshaller | Cache hit for FINRA_Arbitration_Agent/search_individual/EMP-1234600
2025-02-26 17:50:34,103 | INFO | FinancialServicesFacade | Successfully fetched FINRA Arbitration data for Debra Griewahn
2025-02-26 17:50:34,103 | INFO | FinancialServicesFacade | No matching arbitration actions found for Debra Griewahn across SEC and FINRA; due diligence: SEC found 16, FINRA found 15
2025-02-26 17:50:34,103 | INFO | business | Claim processing completed for {'reference_id': 'SP826561222312211_PBI-F45E514B08844DF', 'first_name': 'Debra', 'middle_name': '', 'last_name': 'Griewahn', 'employee_number': 'EMP-1234600', 'crd_number': '1555796', 'address_line1': '', 'city': '', 'state': '', 'zip': '', 'county': '', 'organization_name': 'Level Four Advisory Services', 'individual_name': 'Debra Griewahn'} with report built
2025-02-26 17:50:34,104 | INFO | main | Processed SP826561222312211_PBI-F45E514B08844DF, overall_compliance: True
2025-02-26 17:50:48,114 | INFO | main | Archived drop/SP826561222312211_PBI-F45E514B08844DF_20250213154419.csv to archive/02-26-2025/SP826561222312211_PBI-F45E514B08844DF_20250213154419.csv
2025-02-26 17:50:48,114 | INFO | main | Processed 1 files, 3 records
2025-02-26 17:50:48,213 | INFO | FinancialServicesFacade | WebDriver closed
2025-02-26 18:01:23,084 | INFO | main | === Starting application ===
2025-02-26 18:01:30,301 | INFO | main | Processing drop/SP826561222312211_PBI-F45E514B08844DF_20250213154419.csv from line 0
2025-02-26 18:01:30,301 | INFO | main | Starting to process drop/SP826561222312211_PBI-F45E514B08844DF_20250213154419.csv from line 0
2025-02-26 18:01:30,302 | WARNING | main | Unmapped CSV column: workProductNumber
2025-02-26 18:01:30,302 | WARNING | main | Unmapped CSV column: organizationCrdNumber
2025-02-26 18:01:30,302 | WARNING | main | Empty header name encountered
2025-02-26 18:01:30,303 | INFO | business | Starting claim processing for {'reference_id': 'SP826561222312211_PBI-F45E514B08844DF', 'first_name': 'Debra', 'middle_name': '', 'last_name': 'Griewahn', 'employee_number': 'EMP-1234600', 'crd_number': '1555796', 'address_line1': '', 'city': '', 'state': '', 'zip': '', 'county': '', 'organization_name': 'Level Four Advisory Services', 'individual_name': 'Debra Griewahn'}, Employee='EMP-1234600'
2025-02-26 18:01:30,303 | INFO | business | Claim has crd_number and organization_name, selecting search_with_crd_and_org_name
2025-02-26 18:01:30,303 | INFO | business | Searching with crd_number='1555796', organization_name='Level Four Advisory Services', Employee='EMP-1234600'
2025-02-26 18:01:30,303 | INFO | FinancialServicesFacade | Fetching FINRA BrokerCheck basic info for CRD: 1555796, Employee: EMP-1234600
2025-02-26 18:01:30,307 | INFO | Marshaller | Cache hit for FINRA_BrokerCheck_Agent/search_individual/EMP-1234600
2025-02-26 18:01:30,309 | INFO | Marshaller | Cache hit for FINRA_BrokerCheck_Agent/search_individual_detailed_info/EMP-1234600
2025-02-26 18:01:30,310 | INFO | FinancialServicesFacade | Successfully fetched FINRA BrokerCheck data for 1555796
2025-02-26 18:01:30,310 | WARNING | FinancialServicesFacade | Calling search_finra_brokercheck_detailed is deprecated; use search_finra_brokercheck_individual instead for CRD: 1555796
2025-02-26 18:01:30,310 | INFO | FinancialServicesFacade | Fetching FINRA BrokerCheck basic info for CRD: 1555796, Employee: EMP-1234600
2025-02-26 18:01:30,310 | INFO | Marshaller | Cache hit for FINRA_BrokerCheck_Agent/search_individual/EMP-1234600
2025-02-26 18:01:30,311 | INFO | Marshaller | Cache hit for FINRA_BrokerCheck_Agent/search_individual_detailed_info/EMP-1234600
2025-02-26 18:01:30,311 | INFO | FinancialServicesFacade | Successfully fetched FINRA BrokerCheck data for 1555796
2025-02-26 18:01:30,311 | INFO | FinancialServicesFacade | Performing disciplinary review for Debra Griewahn, Employee: EMP-1234600
2025-02-26 18:01:30,311 | INFO | FinancialServicesFacade | Fetching SEC Disciplinary data for Debra Griewahn, Employee: EMP-1234600
2025-02-26 18:01:30,313 | INFO | Marshaller | Cache hit for SEC_Disciplinary_Agent/search_individual/EMP-1234600
2025-02-26 18:01:30,313 | INFO | FinancialServicesFacade | Successfully fetched SEC Disciplinary data for Debra Griewahn
2025-02-26 18:01:30,313 | INFO | FinancialServicesFacade | Fetching FINRA Disciplinary data for Debra Griewahn, Employee: EMP-1234600
2025-02-26 18:01:30,314 | INFO | Marshaller | Cache hit for FINRA_Disciplinary_Agent/search_individual/EMP-1234600
2025-02-26 18:01:30,315 | INFO | FinancialServicesFacade | Successfully fetched FINRA Disciplinary data for Debra Griewahn
2025-02-26 18:01:30,315 | INFO | FinancialServicesFacade | No matching disciplinary actions found for Debra Griewahn across SEC and FINRA; due diligence: SEC found 16, FINRA found 8
2025-02-26 18:01:30,315 | INFO | FinancialServicesFacade | Performing arbitration review for Debra Griewahn, Employee: EMP-1234600
2025-02-26 18:01:30,315 | INFO | FinancialServicesFacade | Fetching SEC Arbitration data for Debra Griewahn, Employee: EMP-1234600
2025-02-26 18:01:30,316 | INFO | Marshaller | Cache hit for SEC_Arbitration_Agent/search_individual/EMP-1234600
2025-02-26 18:01:30,316 | INFO | FinancialServicesFacade | Successfully fetched SEC Arbitration data for Debra Griewahn
2025-02-26 18:01:30,317 | INFO | FinancialServicesFacade | Fetching FINRA Arbitration data for Debra Griewahn, Employee: EMP-1234600
2025-02-26 18:01:30,318 | INFO | Marshaller | Cache hit for FINRA_Arbitration_Agent/search_individual/EMP-1234600
2025-02-26 18:01:30,318 | INFO | FinancialServicesFacade | Successfully fetched FINRA Arbitration data for Debra Griewahn
2025-02-26 18:01:30,319 | INFO | FinancialServicesFacade | No matching arbitration actions found for Debra Griewahn across SEC and FINRA; due diligence: SEC found 16, FINRA found 15
2025-02-26 18:01:30,319 | INFO | business | Claim processing completed for {'reference_id': 'SP826561222312211_PBI-F45E514B08844DF', 'first_name': 'Debra', 'middle_name': '', 'last_name': 'Griewahn', 'employee_number': 'EMP-1234600', 'crd_number': '1555796', 'address_line1': '', 'city': '', 'state': '', 'zip': '', 'county': '', 'organization_name': 'Level Four Advisory Services', 'individual_name': 'Debra Griewahn'} with report built
2025-02-26 18:01:30,320 | INFO | main | Processed SP826561222312211_PBI-F45E514B08844DF, overall_compliance: True
2025-02-26 18:01:44,328 | ERROR | main | Error counting records in drop/SP826561222312211_PBI-F45E514B08844DF_20250213154419.csv: 'list' object has no attribute 'strip'
Traceback (most recent call last):
  File "/Users/jeffhighman/2025/milton/v2/main.py", line 342, in main
    processed_records += sum(1 for _ in csv.reader(f) if _.strip()) - 1  # Minus header, skip blank lines
                         ~~~^^^^^^^^^^^^^^^^^^^^^^^^^^^^^^^^^^^^^^^
  File "/Users/jeffhighman/2025/milton/v2/main.py", line 342, in <genexpr>
    processed_records += sum(1 for _ in csv.reader(f) if _.strip()) - 1  # Minus header, skip blank lines
                                                         ^^^^^^^
AttributeError: 'list' object has no attribute 'strip'
2025-02-26 18:01:44,332 | INFO | main | Archived drop/SP826561222312211_PBI-F45E514B08844DF_20250213154419.csv to archive/02-26-2025/SP826561222312211_PBI-F45E514B08844DF_20250213154419.csv
2025-02-26 18:01:44,332 | INFO | main | Processed 1 files, 0 records
2025-02-26 18:01:44,433 | INFO | FinancialServicesFacade | WebDriver closed
2025-02-26 19:11:15,294 | INFO | main | === Starting application ===
2025-02-26 19:11:15,295 | INFO | main | Disciplinary review will be skipped due to --skip-disciplinary flag
2025-02-26 19:11:15,295 | INFO | main | Arbitration review will be skipped due to --skip-arbitration flag
2025-02-26 19:11:20,674 | INFO | main | Processing drop/SP826561222312211_PBI-F45E514B08844DF_20250213154419.csv from line 0
2025-02-26 19:11:20,675 | INFO | main | Starting to process drop/SP826561222312211_PBI-F45E514B08844DF_20250213154419.csv from line 0
2025-02-26 19:11:20,675 | WARNING | main | Unmapped CSV column: workProductNumber
2025-02-26 19:11:20,675 | WARNING | main | Empty header name encountered
2025-02-26 19:11:20,675 | WARNING | main | Unmapped fields in row for reference_id='SP826561222312211_PBI-F45E514B08844DF': {'', 'workProductNumber'}
2025-02-26 19:11:20,676 | INFO | business | Starting claim processing for {'reference_id': 'SP826561222312211_PBI-F45E514B08844DF', 'first_name': 'Debra', 'middle_name': '', 'last_name': 'Griewahn', 'employee_number': 'EMP-1234600', 'crd_number': '1555796', 'address_line1': '', 'city': '', 'state': '', 'zip': '', 'county': '', 'organization_crd': '134086', 'organization_name': 'Level Four Advisory Services', 'individual_name': 'Debra Griewahn'}, Employee='EMP-1234600', skip_disciplinary=True, skip_arbitration=True
2025-02-26 19:11:20,676 | INFO | business | Claim has individual_name and organization_crd_number, selecting search_with_correlated
2025-02-26 19:11:20,676 | INFO | business | Searching SEC IAPD with individual_name='Debra Griewahn', organization_crd_number='134086', Employee='EMP-1234600'
2025-02-26 19:11:20,676 | INFO | FinancialServicesFacade | Fetching SEC IAPD correlated info for Debra Griewahn at organization 134086, Employee: EMP-1234600
2025-02-26 19:11:20,677 | INFO | Marshaller | Cache miss or stale for SEC_IAPD_Agent/search_individual_by_firm/EMP-1234600
2025-02-26 19:11:20,677 | INFO | Marshaller | Starting SEC IAPD firm search
2025-02-26 19:11:26,148 | INFO | FinancialServicesFacade | Successfully fetched SEC IAPD correlated data for Debra Griewahn at organization 134086
2025-02-26 19:11:26,148 | WARNING | normalizer | IAPD: basic_info had no hits. Returning mostly empty extracted_info.
2025-02-26 19:11:26,149 | INFO | business | Found basic_result with crd_number='None'
2025-02-26 19:11:26,149 | INFO | business | Skipping disciplinary review for Employee='EMP-1234600' as per configuration
2025-02-26 19:11:26,149 | INFO | business | Skipping arbitration review for Employee='EMP-1234600' as per configuration
2025-02-26 19:11:26,149 | INFO | business | Claim processing completed for {'reference_id': 'SP826561222312211_PBI-F45E514B08844DF', 'first_name': 'Debra', 'middle_name': '', 'last_name': 'Griewahn', 'employee_number': 'EMP-1234600', 'crd_number': '1555796', 'address_line1': '', 'city': '', 'state': '', 'zip': '', 'county': '', 'organization_crd': '134086', 'organization_name': 'Level Four Advisory Services', 'individual_name': 'Debra Griewahn'} with report built
2025-02-26 19:11:26,150 | INFO | main | Processed SP826561222312211_PBI-F45E514B08844DF, overall_compliance: False
2025-02-26 19:11:40,161 | ERROR | main | Error counting records in drop/SP826561222312211_PBI-F45E514B08844DF_20250213154419.csv: 'list' object has no attribute 'strip'
Traceback (most recent call last):
  File "/Users/jeffhighman/2025/milton/v2/main.py", line 356, in main
    processed_records += sum(1 for _ in csv.reader(f) if _.strip()) - 1
                         ~~~^^^^^^^^^^^^^^^^^^^^^^^^^^^^^^^^^^^^^^^
  File "/Users/jeffhighman/2025/milton/v2/main.py", line 356, in <genexpr>
    processed_records += sum(1 for _ in csv.reader(f) if _.strip()) - 1
                                                         ^^^^^^^
AttributeError: 'list' object has no attribute 'strip'
2025-02-26 19:11:40,168 | INFO | main | Archived drop/SP826561222312211_PBI-F45E514B08844DF_20250213154419.csv to archive/02-26-2025/SP826561222312211_PBI-F45E514B08844DF_20250213154419.csv
2025-02-26 19:11:40,168 | INFO | main | Processed 1 files, 0 records
2025-02-26 19:11:40,269 | INFO | FinancialServicesFacade | WebDriver closed
2025-02-27 06:23:54,632 | INFO | main | === Starting application ===
2025-02-27 06:32:00,564 | WARNING | main | Invalid menu choice: /Users/jeffhighman/2025/milton/v2/.venv/bin/python /Users/jeffhighman/2025/milton/v2/main.py
2025-02-27 06:32:00,742 | INFO | FinancialServicesFacade | WebDriver closed
2025-02-27 06:38:47,327 | INFO | main | === Starting application ===
2025-02-27 06:42:54,323 | INFO | main | Running batch with config: {'evaluate_name': True, 'evaluate_license': True, 'evaluate_exams': True, 'evaluate_disclosures': True, 'skip_disciplinary': True, 'skip_arbitration': True, 'skip_regulatory': True}
2025-02-27 06:42:54,324 | INFO | main | Processing drop/SP826561222312211_PBI-F45E514B08844DF_20250213154419.csv from line 0
2025-02-27 06:42:54,324 | INFO | main | Starting to process drop/SP826561222312211_PBI-F45E514B08844DF_20250213154419.csv from line 0
2025-02-27 06:42:54,326 | WARNING | main | Unmapped CSV column: workProductNumber
2025-02-27 06:42:54,326 | WARNING | main | Empty header name encountered
2025-02-27 06:42:54,326 | WARNING | main | Unmapped fields in row for reference_id='SP826561222312211_PBI-F45E514B08844DF': {'', 'workProductNumber'}
2025-02-27 06:42:54,326 | INFO | business | Starting claim processing for {'reference_id': 'SP826561222312211_PBI-F45E514B08844DF', 'first_name': 'Debra', 'middle_name': '', 'last_name': 'Griewahn', 'employee_number': 'EMP-1234600', 'crd_number': '1555796', 'address_line1': '', 'city': '', 'state': '', 'zip': '', 'county': '', 'organization_crd': '134086', 'organization_name': 'Level Four Advisory Services', 'individual_name': 'Debra Griewahn'}, Employee='EMP-1234600', skip_disciplinary=True, skip_arbitration=True, skip_regulatory=True
2025-02-27 06:42:54,326 | INFO | business | Claim has individual_name and organization_crd_number, selecting search_with_correlated
2025-02-27 06:42:54,326 | INFO | business | Searching SEC IAPD with individual_name='Debra Griewahn', organization_crd_number='134086', Employee='EMP-1234600'
2025-02-27 06:42:54,326 | INFO | FinancialServicesFacade | Fetching SEC IAPD correlated info for Debra Griewahn at organization 134086, Employee: EMP-1234600
2025-02-27 06:42:54,333 | INFO | Marshaller | Cache hit for SEC_IAPD_Agent/search_individual_by_firm/EMP-1234600
2025-02-27 06:42:54,334 | INFO | FinancialServicesFacade | Successfully fetched SEC IAPD correlated data for Debra Griewahn at organization 134086
2025-02-27 06:42:54,334 | WARNING | normalizer | IAPD: basic_info had no hits. Returning mostly empty extracted_info.
2025-02-27 06:42:54,334 | INFO | business | Found basic_result with crd_number='None'
2025-02-27 06:42:54,334 | INFO | business | Skipping disciplinary review for Employee='EMP-1234600' as per configuration
2025-02-27 06:42:54,334 | INFO | business | Skipping arbitration review for Employee='EMP-1234600' as per configuration
2025-02-27 06:42:54,334 | INFO | business | Skipping regulatory review for Employee='EMP-1234600' as per configuration
2025-02-27 06:42:54,335 | INFO | business | Claim processing completed for {'reference_id': 'SP826561222312211_PBI-F45E514B08844DF', 'first_name': 'Debra', 'middle_name': '', 'last_name': 'Griewahn', 'employee_number': 'EMP-1234600', 'crd_number': '1555796', 'address_line1': '', 'city': '', 'state': '', 'zip': '', 'county': '', 'organization_crd': '134086', 'organization_name': 'Level Four Advisory Services', 'individual_name': 'Debra Griewahn'} with report built
2025-02-27 06:42:54,336 | INFO | main | Processed SP826561222312211_PBI-F45E514B08844DF, overall_compliance: False
2025-02-27 06:43:08,344 | ERROR | main | Error counting records in drop/SP826561222312211_PBI-F45E514B08844DF_20250213154419.csv: 'list' object has no attribute 'strip'
Traceback (most recent call last):
  File "/Users/jeffhighman/2025/milton/v2/main.py", line 318, in run_batch_processing
    processed_records += sum(1 for _ in csv.reader(f) if _.strip()) - 1
                         ~~~^^^^^^^^^^^^^^^^^^^^^^^^^^^^^^^^^^^^^^^
  File "/Users/jeffhighman/2025/milton/v2/main.py", line 318, in <genexpr>
    processed_records += sum(1 for _ in csv.reader(f) if _.strip()) - 1
                                                         ^^^^^^^
AttributeError: 'list' object has no attribute 'strip'
2025-02-27 06:43:08,349 | INFO | main | Archived drop/SP826561222312211_PBI-F45E514B08844DF_20250213154419.csv to archive/02-27-2025/SP826561222312211_PBI-F45E514B08844DF_20250213154419.csv
2025-02-27 06:43:08,349 | INFO | main | Processed 1 files, 0 records
2025-02-27 06:46:09,942 | INFO | main | User chose to exit
2025-02-27 06:46:10,100 | INFO | FinancialServicesFacade | WebDriver closed
2025-02-27 07:38:19,864 - main - INFO - === Starting application ===
2025-02-27 07:40:04,200 - main - INFO - User chose to exit
2025-02-27 07:40:04,340 - FinancialServicesFacade - INFO - WebDriver closed
2025-03-24 08:06:48,850 - Marshaller - DEBUG - Initializing Chrome WebDriver
2025-03-24 08:06:48,851 - selenium.webdriver.common.selenium_manager - DEBUG - Selenium Manager binary found at: /Users/cto/myvenv/lib/python3.13/site-packages/selenium/webdriver/common/macos/selenium-manager
2025-03-24 08:06:48,851 - selenium.webdriver.common.selenium_manager - DEBUG - Executing process: /Users/cto/myvenv/lib/python3.13/site-packages/selenium/webdriver/common/macos/selenium-manager --browser chrome --debug --language-binding python --output json
2025-03-24 08:06:50,051 - selenium.webdriver.common.selenium_manager - DEBUG - Sending stats to Plausible: Props { browser: "chrome", browser_version: "", os: "macos", arch: "x86_64", lang: "python", selenium_version: "4.29" }
2025-03-24 08:06:50,051 - selenium.webdriver.common.selenium_manager - DEBUG - Found chromedriver 133.0.6943.126 in PATH: /usr/local/bin/chromedriver
2025-03-24 08:06:50,051 - selenium.webdriver.common.selenium_manager - DEBUG - chrome detected at /Applications/Google Chrome.app/Contents/MacOS/Google Chrome
2025-03-24 08:06:50,051 - selenium.webdriver.common.selenium_manager - DEBUG - Running command: /Applications/Google\ Chrome.app/Contents/MacOS/Google\ Chrome --version
2025-03-24 08:06:50,051 - selenium.webdriver.common.selenium_manager - DEBUG - Output: "Google Chrome 134.0.6998.118 "
2025-03-24 08:06:50,051 - selenium.webdriver.common.selenium_manager - DEBUG - Detected browser: chrome 134.0.6998.118
2025-03-24 08:06:50,051 - selenium.webdriver.common.selenium_manager - DEBUG - Discovering versions from https://googlechromelabs.github.io/chrome-for-testing/known-good-versions-with-downloads.json
2025-03-24 08:06:50,051 - selenium.webdriver.common.selenium_manager - DEBUG - Required driver: chromedriver 134.0.6998.165
2025-03-24 08:06:50,052 - selenium.webdriver.common.selenium_manager - WARNING - The chromedriver version (133.0.6943.126) detected in PATH at /usr/local/bin/chromedriver might not be compatible with the detected chrome version (134.0.6998.118); currently, chromedriver 134.0.6998.165 is recommended for chrome 134.*, so it is advised to delete the driver in PATH and retry
2025-03-24 08:06:50,052 - selenium.webdriver.common.selenium_manager - DEBUG - Driver path: /usr/local/bin/chromedriver
2025-03-24 08:06:50,052 - selenium.webdriver.common.selenium_manager - DEBUG - Browser path: /Applications/Google Chrome.app/Contents/MacOS/Google Chrome
2025-03-24 08:06:50,060 - selenium.webdriver.common.service - DEBUG - Started executable: `/usr/local/bin/chromedriver` in a child process with pid: 12171 using 0 to output -3
2025-03-24 08:06:50,258 - selenium.webdriver.remote.remote_connection - DEBUG - POST http://localhost:65293/session {'capabilities': {'firstMatch': [{}], 'alwaysMatch': {'browserName': 'chrome', 'pageLoadStrategy': <PageLoadStrategy.normal: 'normal'>, 'browserVersion': None, 'goog:chromeOptions': {'extensions': [], 'binary': '/Applications/Google Chrome.app/Contents/MacOS/Google Chrome', 'args': ['--headless', '--no-sandbox', '--disable-dev-shm-usage', 'user-agent=Mozilla/5.0 (Windows NT 10.0; Win64; x64) Chrome/115.0.0.0 Safari/537.36']}}}}
2025-03-24 08:06:50,259 - urllib3.connectionpool - DEBUG - Starting new HTTP connection (1): localhost:65293
2025-03-24 08:06:52,227 - urllib3.connectionpool - DEBUG - http://localhost:65293 "POST /session HTTP/1.1" 200 0
2025-03-24 08:06:52,227 - selenium.webdriver.remote.remote_connection - DEBUG - Remote response: status=200 | data={"value":{"capabilities":{"acceptInsecureCerts":false,"browserName":"chrome","browserVersion":"134.0.6998.118","chrome":{"chromedriverVersion":"133.0.6943.126 (cffa127ce7b6be72885391527c15b452056a2e81-refs/branch-heads/6943@{#1570})","userDataDir":"/var/folders/7b/0098n8v17xv387zrf6pln2p80000gn/T/.org.chromium.Chromium.RahK07"},"fedcm:accounts":true,"goog:chromeOptions":{"debuggerAddress":"localhost:65330"},"networkConnectionEnabled":false,"pageLoadStrategy":"normal","platformName":"mac","proxy":{},"setWindowRect":true,"strictFileInteractability":false,"timeouts":{"implicit":0,"pageLoad":300000,"script":30000},"unhandledPromptBehavior":"dismiss and notify","webauthn:extension:credBlob":true,"webauthn:extension:largeBlob":true,"webauthn:extension:minPinLength":true,"webauthn:extension:prf":true,"webauthn:virtualAuthenticators":true},"sessionId":"18bab44dfb2db0c0c5b913ff3668a0ea"}} | headers=HTTPHeaderDict({'Content-Length': '892', 'Content-Type': 'application/json; charset=utf-8', 'cache-control': 'no-cache'})
2025-03-24 08:06:52,227 - selenium.webdriver.remote.remote_connection - DEBUG - Finished Request
2025-03-24 08:06:52,228 - Marshaller - INFO - Chrome WebDriver initialized successfully
2025-03-24 08:06:52,228 - services - DEBUG - FinancialServicesFacade initialized with WebDriver
2025-03-24 08:08:52,540 - api - INFO - Shutting down API server
2025-03-24 08:08:52,542 - selenium.webdriver.remote.remote_connection - DEBUG - DELETE http://localhost:65293/session/18bab44dfb2db0c0c5b913ff3668a0ea {}
2025-03-24 08:08:52,598 - urllib3.connectionpool - DEBUG - http://localhost:65293 "DELETE /session/18bab44dfb2db0c0c5b913ff3668a0ea HTTP/1.1" 200 0
2025-03-24 08:08:52,599 - selenium.webdriver.remote.remote_connection - DEBUG - Remote response: status=200 | data={"value":null} | headers=HTTPHeaderDict({'Content-Length': '14', 'Content-Type': 'application/json; charset=utf-8', 'cache-control': 'no-cache'})
2025-03-24 08:08:52,599 - selenium.webdriver.remote.remote_connection - DEBUG - Finished Request
2025-03-24 08:08:52,771 - services - INFO - WebDriver closed
2025-03-24 11:31:38,788 - Marshaller - DEBUG - Marshaller initialized with headless=True
2025-03-24 11:31:38,789 - services - DEBUG - FinancialServicesFacade initialized with headless=True
